<?xml version="1.0" encoding="UTF-8"?>
<testsuite errors="0" failures="0" name="dongcai_block_test.block_group_tests.BlockGroup-20170929105516" skipped="0" tests="1" time="0.210">
	<testcase classname="dongcai_block_test.block_group_tests.BlockGroup" name="test_block_group" time="0.210"/>
	<system-out>
<![CDATA[('block_groups = ', [u'AB\u80a1', u'AH\u80a1', u'\u963f\u91cc\u6982\u5ff5', u'B\u80a1', u'\u5317\u6597\u5bfc\u822a', u'\u5317\u4eac\u51ac\u5965', u'\u8d2c\u503c\u53d7\u76ca', u'\u6ee8\u6d77\u65b0\u533a', u'\u75c5\u6bd2\u9632\u6cbb', u'\u5f69\u7968\u6982\u5ff5', u'\u53c2\u80a1\u4fdd\u9669', u'\u53c2\u80a1\u671f\u8d27', u'\u53c2\u80a1\u5238\u5546', u'\u53c2\u80a1\u94f6\u884c', u'\u8349\u7518\u81a6', u'\u957f\u6c5f\u4e09\u89d2', u'\u957f\u682a\u6f6d', u'\u8d85\u5bfc\u6982\u5ff5', u'\u8d85\u7ea7\u7535\u5bb9', u'\u8d85\u7ea7\u54c1\u724c', u'\u8f66\u8054\u7f51', u'\u6210\u6e1d\u7279\u533a', u'\u5145\u7535\u6869', u'\u89e6\u6478\u5c4f', u'\u521b\u6295', u'\u521b\u4e1a\u677f\u7efc', u'\u521b\u4e1a\u6210\u4efd', u'\u6b21\u65b0\u80a1', u'3D\u73bb\u7483', u'3D\u6253\u5370', u'\u5927\u98de\u673a', u'\u5927\u6570\u636e', u'\u5355\u6297\u6982\u5ff5', u'\u8fea\u58eb\u5c3c', u'\u5730\u70ed\u80fd', u'\u7535\u5546\u6982\u5ff5', u'\u72ec\u5bb6\u836f\u54c1', u'\u4e8c\u80ce\u6982\u5ff5', u'\u98ce\u80fd', u'\u6c1f\u5316\u5de5', u'2025\u89c4\u5212', u'5G\u6982\u5ff5', u'\u9ad8\u9001\u8f6c', u'\u9ad8\u6821', u'\u5de5\u4e1a4.0', u'\u5171\u4eab\u7ecf\u6d4e', u'\u80a1\u6743\u6fc0\u52b1', u'\u80a1\u6743\u8f6c\u8ba9', u'\u56fd\u4ea7\u8f6f\u4ef6', u'\u56fd\u4ea7\u82af\u7247', u'\u56fd\u5bb6\u5b89\u9632', u'\u56fd\u4f01\u6539\u9769', u'HS300_', u'\u6d77\u5de5\u88c5\u5907', u'\u6d77\u7ef5\u57ce\u5e02', u'\u6d77\u6d0b\u7ecf\u6d4e', u'\u822a\u6bcd\u6982\u5ff5', u'\u6838\u80fd\u6838\u7535', u'\u4e92\u8054\u91d1\u878d', u'\u6caa\u6e2f\u901a', u'\u6caa\u80a1\u901a', u'\u6caa\u4f01\u6539\u9769', u'\u5316\u5de5\u539f\u6599', u'\u9ec4\u91d1\u6982\u5ff5', u'IPO\u53d7\u76ca', u'\u673a\u6784\u91cd\u4ed3', u'\u57fa\u672c\u91d1\u5c5e', u'\u57fa\u91d1\u91cd\u4ed3', u'\u57fa\u56e0\u6d4b\u5e8f', u'\u5065\u5eb7\u4e2d\u56fd', u'\u8282\u80fd\u73af\u4fdd', u'\u4eac\u6d25\u5180', u'\u7cbe\u51c6\u533b\u7597', u'\u4e3e\u724c\u6982\u5ff5', u'\u519b\u5de5', u'\u519b\u6c11\u878d\u5408', u'\u58f3\u8d44\u6e90', u'\u53ef\u71c3\u51b0', u'\u5feb\u9012\u6982\u5ff5', u'LED', u'\u84dd\u5b9d\u77f3', u'\u9502\u7535\u6c60', u'\u91cf\u5b50\u901a\u4fe1', u'MSCI\u4e2d\u56fd', u'\u7164\u5316\u5de5', u'\u7f8e\u4e3d\u4e2d\u56fd', u'\u514d\u75ab\u6cbb\u7597', u'OLED', u'PPP\u6a21\u5f0f', u'\u82f9\u679c\u6982\u5ff5', u'QFII\u91cd\u4ed3', u'\u533a\u5757\u94fe', u'\u5168\u606f\u6280\u672f', u'\u5238\u5546\u6982\u5ff5', u'\u71c3\u6599\u7535\u6c60', u'\u4eba\u5de5\u667a\u80fd', u'\u4eba\u8111\u5de5\u7a0b', u'\u878d\u8d44\u878d\u5238', u'ST\u6982\u5ff5', u'S\u80a1', u'\u4e0a\u6d77\u81ea\u8d38', u'\u4e0a\u8bc1180_', u'\u4e0a\u8bc1380', u'\u4e0a\u8bc150_', u'\u793e\u4fdd\u91cd\u4ed3', u'\u6df1\u6210500', u'\u6df1\u6e2f\u901a', u'\u6df1\u80a1\u901a', u'\u6df1\u5733\u7279\u533a', u'\u6df1\u8bc1100R', u'\u751f\u6001\u519c\u4e1a', u'\u751f\u7269\u8bc6\u522b', u'\u751f\u7269\u75ab\u82d7', u'\u77f3\u58a8\u70ef', u'\u98df\u54c1\u5b89\u5168', u'\u624b\u6e38\u6982\u5ff5', u'\u6c34\u5229\u5efa\u8bbe', u'\u9001\u8f6c\u9884\u671f', u'\u592a\u9633\u80fd', u'\u949b\u767d\u7c89', u'\u7279\u65af\u62c9', u'\u817e\u5b89\u4ef7\u503c', u'\u4f53\u80b2\u4ea7\u4e1a', u'\u94c1\u8def\u57fa\u5efa', u'\u901a\u7528\u822a\u7a7a', u'\u571f\u5730\u6d41\u8f6c', u'\u7696\u6c5f\u533a\u57df', u'\u7f51\u7ea2\u76f4\u64ad', u'\u7f51\u7edc\u5b89\u5168', u'\u7f51\u7edc\u6e38\u620f', u'\u65e0\u4eba\u673a', u'\u65e0\u4eba\u9a7e\u9a76', u'\u65e0\u7ebf\u5145\u7535', u'\u7269\u8054\u7f51', u'\u7a00\u7f3a\u8d44\u6e90', u'\u7a00\u571f\u6c38\u78c1', u'\u5c0f\u91d1\u5c5e', u'\u65b0\u6750\u6599', u'\u65b0\u80fd\u6e90', u'\u65b0\u80fd\u6e90\u8f66', u'\u65b0\u4e09\u677f', u'\u96c4\u5b89\u65b0\u533a', u'\u865a\u62df\u73b0\u5b9e', u'\u592e\u89c650_', u'\u517b\u8001\u6982\u5ff5', u'\u517b\u8001\u91d1', u'\u9875\u5ca9\u6c14', u'\u4e00\u5e26\u4e00\u8def', u'\u533b\u7597\u5668\u68b0', u'\u79fb\u52a8\u652f\u4ed8', u'\u6cb9\u6539\u6982\u5ff5', u'\u6cb9\u4ef7\u76f8\u5173', u'\u6cb9\u6c14\u8bbe\u670d', u'\u9884\u4e8f\u9884\u51cf', u'\u9884\u76c8\u9884\u589e', u'\u7ca4\u6e2f\u81ea\u8d38', u'\u4e91\u8ba1\u7b97', u'\u5728\u7ebf\u6559\u80b2', u'\u5728\u7ebf\u65c5\u6e38', u'\u589e\u5f3a\u73b0\u5b9e', u'\u503a\u8f6c\u80a1', u'\u8bc1\u91d1\u6301\u80a1', u'\u667a\u6167\u57ce\u5e02', u'\u667a\u80fd\u7a7f\u6234', u'\u667a\u80fd\u7535\u89c6', u'\u667a\u80fd\u7535\u7f51', u'\u667a\u80fd\u673a\u5668', u'\u667a\u80fd\u5bb6\u5c45', u'\u4e2d\u8d85\u6982\u5ff5', u'\u4e2d\u836f', u'\u4e2d\u8bc1500', u'\u4e2d\u5b57\u5934', u'\u732a\u8089\u6982\u5ff5', u'\u8f6c\u503a\u6807\u7684', u'\u79df\u552e\u540c\u6743', u'\u6628\u65e5\u89e6\u677f', u'\u6628\u65e5\u8fde\u677f', u'\u6628\u65e5\u6da8\u505c', u'\u5b89\u5fbd\u677f\u5757', u'\u5317\u4eac\u677f\u5757', u'\u91cd\u5e86\u677f\u5757', u'\u798f\u5efa\u677f\u5757', u'\u7518\u8083\u677f\u5757', u'\u5e7f\u4e1c\u677f\u5757', u'\u5e7f\u897f\u677f\u5757', u'\u8d35\u5dde\u677f\u5757', u'\u6d77\u5357\u677f\u5757', u'\u6cb3\u5317\u677f\u5757', u'\u6cb3\u5357\u677f\u5757', u'\u9ed1\u9f99\u6c5f', u'\u6e56\u5317\u677f\u5757', u'\u6e56\u5357\u677f\u5757', u'\u5409\u6797\u677f\u5757', u'\u6c5f\u82cf\u677f\u5757', u'\u6c5f\u897f\u677f\u5757', u'\u8fbd\u5b81\u677f\u5757', u'\u5185\u8499\u53e4', u'\u5b81\u590f\u677f\u5757', u'\u9752\u6d77\u677f\u5757', u'\u5c71\u4e1c\u677f\u5757', u'\u5c71\u897f\u677f\u5757', u'\u9655\u897f\u677f\u5757', u'\u4e0a\u6d77\u677f\u5757', u'\u56db\u5ddd\u677f\u5757', u'\u5929\u6d25\u677f\u5757', u'\u897f\u85cf\u677f\u5757', u'\u65b0\u7586\u677f\u5757', u'\u4e91\u5357\u677f\u5757', u'\u6d59\u6c5f\u677f\u5757', u'\u5b89\u9632\u8bbe\u5907', u'\u5305\u88c5\u6750\u6599', u'\u4fdd\u9669', u'\u73bb\u7483\u9676\u74f7', u'\u6750\u6599\u884c\u4e1a', u'\u8239\u8236\u5236\u9020', u'\u7535\u529b\u884c\u4e1a', u'\u7535\u4fe1\u8fd0\u8425', u'\u7535\u5b50\u4fe1\u606f', u'\u7535\u5b50\u5143\u4ef6', u'\u591a\u5143\u91d1\u878d', u'\u623f\u5730\u4ea7', u'\u7eba\u7ec7\u670d\u88c5', u'\u94a2\u94c1\u884c\u4e1a', u'\u6e2f\u53e3\u6c34\u8fd0', u'\u9ad8\u901f\u516c\u8def', u'\u5de5\u7a0b\u5efa\u8bbe', u'\u5de5\u827a\u5546\u54c1', u'\u516c\u7528\u4e8b\u4e1a', u'\u8d35\u91d1\u5c5e', u'\u56fd\u9645\u8d38\u6613', u'\u822a\u5929\u822a\u7a7a', u'\u5316\u80a5\u884c\u4e1a', u'\u5316\u5de5\u884c\u4e1a', u'\u5316\u7ea4\u884c\u4e1a', u'\u73af\u4fdd\u5de5\u7a0b', u'\u673a\u68b0\u884c\u4e1a', u'\u5bb6\u7535\u884c\u4e1a', u'\u4ea4\u8fd0\u8bbe\u5907', u'\u4ea4\u8fd0\u7269\u6d41', u'\u91d1\u5c5e\u5236\u54c1', u'\u65c5\u6e38\u9152\u5e97', u'\u7164\u70ad\u91c7\u9009', u'\u6c11\u822a\u673a\u573a', u'\u6728\u4e1a\u5bb6\u5177', u'\u917f\u9152\u884c\u4e1a', u'\u519c\u7267\u9972\u6e14', u'\u519c\u836f\u517d\u836f', u'\u6c7d\u8f66\u884c\u4e1a', u'\u5238\u5546\u4fe1\u6258', u'\u8f6f\u4ef6\u670d\u52a1', u'\u5546\u4e1a\u767e\u8d27', u'\u77f3\u6cb9\u884c\u4e1a', u'\u98df\u54c1\u996e\u6599', u'\u8f93\u914d\u7535\u6c14', u'\u6c34\u6ce5\u5efa\u6750', u'\u5851\u80f6\u5236\u54c1', u'\u901a\u8baf\u884c\u4e1a', u'\u6587\u5316\u4f20\u5a92', u'\u6587\u6559\u4f11\u95f2', u'\u533b\u7597\u884c\u4e1a', u'\u533b\u836f\u5236\u9020', u'\u4eea\u5668\u4eea\u8868', u'\u94f6\u884c', u'\u6709\u8272\u91d1\u5c5e', u'\u56ed\u6797\u5de5\u7a0b', u'\u9020\u7eb8\u5370\u5237', u'\u73e0\u5b9d\u9996\u9970', u'\u4e13\u7528\u8bbe\u5907', u'\u88c5\u4fee\u88c5\u9970', u'\u7efc\u5408\u884c\u4e1a'])
]]>	</system-out>
	<system-err>
<![CDATA[]]>	</system-err>
</testsuite>
