<?xml version="1.0" encoding="UTF-8"?>
<testsuite errors="0" failures="0" name="dongcai_block_test.block_write_tests.BlockWrite-20170929141241" skipped="0" tests="2" time="0.038">
	<testcase classname="dongcai_block_test.block_write_tests.BlockWrite" name="test_block_section_stock" time="0.017"/>
	<testcase classname="dongcai_block_test.block_write_tests.BlockWrite" name="test_save_data" time="0.021"/>
	<system-out>
<![CDATA[]]>	</system-out>
	<system-err>
<![CDATA[]]>	</system-err>
</testsuite>
