<?xml version="1.0" encoding="UTF-8"?>
<testsuite errors="1" failures="0" name="dongcai_block_test.block_section_stock_dc_tests.BlockSectionDc-20170929140952" skipped="0" tests="1" time="0.195">
	<testcase classname="dongcai_block_test.block_section_stock_dc_tests.BlockSectionDc" name="test_write_block_stock" time="0.195">
		<error message="'module' object has no attribute 'write_block_stock'" type="AttributeError">
<![CDATA['Traceback (most recent call last):\n  File "/home/tangr/work/f10_project/f10_new_block/src/unittest/python/dongcai_block_test/block_section_stock_dc_tests.py", line 29, in test_write_block_stock\n    block_section_dc.write_block_stock(db, block_datas)\nAttributeError: \'module\' object has no attribute \'write_block_stock\'\n\nStdout:\n{u\'Code\': u\'SZ000797\', u\'PlateName\': u\'\\u884c\\u4e1a\\u677f\\u5757\', u\'Name\': u\'\\u4e2d\\u56fd\\u6b66\\u5937\', u\'TypeName\': u\'\\u623f\\u5730\\u4ea7\', u\'SysCode\': u\'DH00451\', u\'Date\': u\'2017-09-27\', u\'TypeZm\': u\'F\'}\n\xe4\xb8\xad\xe5\x9b\xbd\xe6\xad\xa6\xe5\xa4\xb7\nSZ000797\n\xe8\xa1\x8c\xe4\xb8\x9a\xe6\x9d\xbf\xe5\x9d\x97\n\xe6\x88\xbf\xe5\x9c\xb0\xe4\xba\xa7\n{u\'Code\': u\'SZ000537\', u\'PlateName\': u\'\\u884c\\u4e1a\\u677f\\u5757\', u\'Name\': u\'\\u5e7f\\u5b87\\u53d1\\u5c55\', u\'TypeName\': u\'\\u623f\\u5730\\u4ea7\', u\'SysCode\': u\'DH00451\', u\'Date\': u\'2017-09-27\', u\'TypeZm\': u\'F\'}\n\xe5\xb9\xbf\xe5\xae\x87\xe5\x8f\x91\xe5\xb1\x95\nSZ000537\n\xe8\xa1\x8c\xe4\xb8\x9a\xe6\x9d\xbf\xe5\x9d\x97\n\xe6\x88\xbf\xe5\x9c\xb0\xe4\xba\xa7\n{u\'Code\': u\'SH600848\', u\'PlateName\': u\'\\u884c\\u4e1a\\u677f\\u5757\', u\'Name\': u\'\\u4e0a\\u6d77\\u4e34\\u6e2f\', u\'TypeName\': u\'\\u623f\\u5730\\u4ea7\', u\'SysCode\': u\'DH00451\', u\'Date\': u\'2017-09-27\', u\'TypeZm\': u\'F\'}\n\xe4\xb8\x8a\xe6\xb5\xb7\xe4\xb8\xb4\xe6\xb8\xaf\nSH600848\n\xe8\xa1\x8c\xe4\xb8\x9a\xe6\x9d\xbf\xe5\x9d\x97\n\xe6\x88\xbf\xe5\x9c\xb0\xe4\xba\xa7\n{u\'Code\': u\'SZ000402\', u\'PlateName\': u\'\\u884c\\u4e1a\\u677f\\u5757\', u\'Name\': u\'\\u91d1\\u878d\\u8857\', u\'TypeName\': u\'\\u623f\\u5730\\u4ea7\', u\'SysCode\': u\'DH00451\', u\'Date\': u\'2017-09-27\', u\'TypeZm\': u\'F\'}\n\xe9\x87\x91\xe8\x9e\x8d\xe8\xa1\x97\nSZ000402\n\xe8\xa1\x8c\xe4\xb8\x9a\xe6\x9d\xbf\xe5\x9d\x97\n\xe6\x88\xbf\xe5\x9c\xb0\xe4\xba\xa7\n{u\'Code\': u\'SH600266\', u\'PlateName\': u\'\\u884c\\u4e1a\\u677f\\u5757\', u\'Name\': u\'\\u5317\\u4eac\\u57ce\\u5efa\', u\'TypeName\': u\'\\u623f\\u5730\\u4ea7\', u\'SysCode\': u\'DH00451\', u\'Date\': u\'2017-09-27\', u\'TypeZm\': u\'F\'}\n\xe5\x8c\x97\xe4\xba\xac\xe5\x9f\x8e\xe5\xbb\xba\nSH600266\n\xe8\xa1\x8c\xe4\xb8\x9a\xe6\x9d\xbf\xe5\x9d\x97\n\xe6\x88\xbf\xe5\x9c\xb0\xe4\xba\xa7\n{u\'Code\': u\'SH600622\', u\'PlateName\': u\'\\u884c\\u4e1a\\u677f\\u5757\', u\'Name\': u\'\\u5609\\u5b9d\\u96c6\\u56e2\', u\'TypeName\': u\'\\u623f\\u5730\\u4ea7\', u\'SysCode\': u\'DH00451\', u\'Date\': u\'2017-09-27\', u\'TypeZm\': u\'F\'}\n\xe5\x98\x89\xe5\xae\x9d\xe9\x9b\x86\xe5\x9b\xa2\nSH600622\n\xe8\xa1\x8c\xe4\xb8\x9a\xe6\x9d\xbf\xe5\x9d\x97\n\xe6\x88\xbf\xe5\x9c\xb0\xe4\xba\xa7\n{u\'Code\': u\'SH600791\', u\'PlateName\': u\'\\u884c\\u4e1a\\u677f\\u5757\', u\'Name\': u\'\\u4eac\\u80fd\\u7f6e\\u4e1a\', u\'TypeName\': u\'\\u623f\\u5730\\u4ea7\', u\'SysCode\': u\'DH00451\', u\'Date\': u\'2017-09-27\', u\'TypeZm\': u\'F\'}\n\xe4\xba\xac\xe8\x83\xbd\xe7\xbd\xae\xe4\xb8\x9a\nSH600791\n\xe8\xa1\x8c\xe4\xb8\x9a\xe6\x9d\xbf\xe5\x9d\x97\n\xe6\x88\xbf\xe5\x9c\xb0\xe4\xba\xa7\n{u\'Code\': u\'SH600159\', u\'PlateName\': u\'\\u884c\\u4e1a\\u677f\\u5757\', u\'Name\': u\'\\u5927\\u9f99\\u5730\\u4ea7\', u\'TypeName\': u\'\\u623f\\u5730\\u4ea7\', u\'SysCode\': u\'DH00451\', u\'Date\': u\'2017-09-27\', u\'TypeZm\': u\'F\'}\n\xe5\xa4\xa7\xe9\xbe\x99\xe5\x9c\xb0\xe4\xba\xa7\nSH600159\n\xe8\xa1\x8c\xe4\xb8\x9a\xe6\x9d\xbf\xe5\x9d\x97\n\xe6\x88\xbf\xe5\x9c\xb0\xe4\xba\xa7\n{u\'Code\': u\'SH600322\', u\'PlateName\': u\'\\u884c\\u4e1a\\u677f\\u5757\', u\'Name\': u\'\\u5929\\u623f\\u53d1\\u5c55\', u\'TypeName\': u\'\\u623f\\u5730\\u4ea7\', u\'SysCode\': u\'DH00451\', u\'Date\': u\'2017-09-27\', u\'TypeZm\': u\'F\'}\n\xe5\xa4\xa9\xe6\x88\xbf\xe5\x8f\x91\xe5\xb1\x95\nSH600322\n\xe8\xa1\x8c\xe4\xb8\x9a\xe6\x9d\xbf\xe5\x9d\x97\n\xe6\x88\xbf\xe5\x9c\xb0\xe4\xba\xa7\n{u\'Code\': u\'SH600743\', u\'PlateName\': u\'\\u884c\\u4e1a\\u677f\\u5757\', u\'Name\': u\'\\u534e\\u8fdc\\u5730\\u4ea7\', u\'TypeName\': u\'\\u623f\\u5730\\u4ea7\', u\'SysCode\': u\'DH00451\', u\'Date\': u\'2017-09-27\', u\'TypeZm\': u\'F\'}\n\xe5\x8d\x8e\xe8\xbf\x9c\xe5\x9c\xb0\xe4\xba\xa7\nSH600743\n\xe8\xa1\x8c\xe4\xb8\x9a\xe6\x9d\xbf\xe5\x9d\x97\n\xe6\x88\xbf\xe5\x9c\xb0\xe4\xba\xa7\n{u\'Code\': u\'SH600376\', u\'PlateName\': u\'\\u884c\\u4e1a\\u677f\\u5757\', u\'Name\': u\'\\u9996\\u5f00\\u80a1\\u4efd\', u\'TypeName\': u\'\\u623f\\u5730\\u4ea7\', u\'SysCode\': u\'DH00451\', u\'Date\': u\'2017-09-27\', u\'TypeZm\': u\'F\'}\n\xe9\xa6\x96\xe5\xbc\x80\xe8\x82\xa1\xe4\xbb\xbd\nSH600376\n\xe8\xa1\x8c\xe4\xb8\x9a\xe6\x9d\xbf\xe5\x9d\x97\n\xe6\x88\xbf\xe5\x9c\xb0\xe4\xba\xa7\n{u\'Code\': u\'SH900939\', u\'PlateName\': u\'\\u884c\\u4e1a\\u677f\\u5757\', u\'Name\': u\'\\u6c47\\u4e3dB\', u\'TypeName\': u\'\\u623f\\u5730\\u4ea7\', u\'SysCode\': u\'DH00451\', u\'Date\': u\'2017-09-27\', u\'TypeZm\': u\'F\'}\n\xe6\xb1\x87\xe4\xb8\xbdB\nSH900939\n\xe8\xa1\x8c\xe4\xb8\x9a\xe6\x9d\xbf\xe5\x9d\x97\n\xe6\x88\xbf\xe5\x9c\xb0\xe4\xba\xa7\n{u\'Code\': u\'SZ000620\', u\'PlateName\': u\'\\u884c\\u4e1a\\u677f\\u5757\', u\'Name\': u\'\\u65b0\\u534e\\u8054\', u\'TypeName\': u\'\\u623f\\u5730\\u4ea7\', u\'SysCode\': u\'DH00451\', u\'Date\': u\'2017-09-27\', u\'TypeZm\': u\'F\'}\n\xe6\x96\xb0\xe5\x8d\x8e\xe8\x81\x94\nSZ000620\n\xe8\xa1\x8c\xe4\xb8\x9a\xe6\x9d\xbf\xe5\x9d\x97\n\xe6\x88\xbf\xe5\x9c\xb0\xe4\xba\xa7\n{u\'Code\': u\'SZ200160\', u\'PlateName\': u\'\\u884c\\u4e1a\\u677f\\u5757\', u\'Name\': u\'\\u4e1c\\u6ca3B\', u\'TypeName\': u\'\\u623f\\u5730\\u4ea7\', u\'SysCode\': u\'DH00451\', u\'Date\': u\'2017-09-27\', u\'TypeZm\': u\'F\'}\n\xe4\xb8\x9c\xe6\xb2\xa3B\nSZ200160\n\xe8\xa1\x8c\xe4\xb8\x9a\xe6\x9d\xbf\xe5\x9d\x97\n\xe6\x88\xbf\xe5\x9c\xb0\xe4\xba\xa7\n{u\'Code\': u\'SH600683\', u\'PlateName\': u\'\\u884c\\u4e1a\\u677f\\u5757\', u\'Name\': u\'\\u4eac\\u6295\\u53d1\\u5c55\', u\'TypeName\': u\'\\u623f\\u5730\\u4ea7\', u\'SysCode\': u\'DH00451\', u\'Date\': u\'2017-09-27\', u\'TypeZm\': u\'F\'}\n\xe4\xba\xac\xe6\x8a\x95\xe5\x8f\x91\xe5\xb1\x95\nSH600683\n\xe8\xa1\x8c\xe4\xb8\x9a\xe6\x9d\xbf\xe5\x9d\x97\n\xe6\x88\xbf\xe5\x9c\xb0\xe4\xba\xa7\n{u\'Code\': u\'SZ002285\', u\'PlateName\': u\'\\u884c\\u4e1a\\u677f\\u5757\', u\'Name\': u\'\\u4e16\\u8054\\u884c\', u\'TypeName\': u\'\\u623f\\u5730\\u4ea7\', u\'SysCode\': u\'DH00451\', u\'Date\': u\'2017-09-27\', u\'TypeZm\': u\'F\'}\n\xe4\xb8\x96\xe8\x81\x94\xe8\xa1\x8c\nSZ002285\n\xe8\xa1\x8c\xe4\xb8\x9a\xe6\x9d\xbf\xe5\x9d\x97\n\xe6\x88\xbf\xe5\x9c\xb0\xe4\xba\xa7\n{u\'Code\': u\'SH600246\', u\'PlateName\': u\'\\u884c\\u4e1a\\u677f\\u5757\', u\'Name\': u\'\\u4e07\\u901a\\u5730\\u4ea7\', u\'TypeName\': u\'\\u623f\\u5730\\u4ea7\', u\'SysCode\': u\'DH00451\', u\'Date\': u\'2017-09-27\', u\'TypeZm\': u\'F\'}\n\xe4\xb8\x87\xe9\x80\x9a\xe5\x9c\xb0\xe4\xba\xa7\nSH600246\n\xe8\xa1\x8c\xe4\xb8\x9a\xe6\x9d\xbf\xe5\x9d\x97\n\xe6\x88\xbf\xe5\x9c\xb0\xe4\xba\xa7\n{u\'Code\': u\'SH900928\', u\'PlateName\': u\'\\u884c\\u4e1a\\u677f\\u5757\', u\'Name\': u\'\\u4e34\\u6e2fB\\u80a1\', u\'TypeName\': u\'\\u623f\\u5730\\u4ea7\', u\'SysCode\': u\'DH00451\', u\'Date\': u\'2017-09-27\', u\'TypeZm\': u\'F\'}\n\xe4\xb8\xb4\xe6\xb8\xafB\xe8\x82\xa1\nSH900928\n\xe8\xa1\x8c\xe4\xb8\x9a\xe6\x9d\xbf\xe5\x9d\x97\n\xe6\x88\xbf\xe5\x9c\xb0\xe4\xba\xa7\n{u\'Code\': u\'SH600734\', u\'PlateName\': u\'\\u884c\\u4e1a\\u677f\\u5757\', u\'Name\': u\'\\u5b9e\\u8fbe\\u96c6\\u56e2\', u\'TypeName\': u\'\\u623f\\u5730\\u4ea7\', u\'SysCode\': u\'DH00451\', u\'Date\': u\'2017-09-27\', u\'TypeZm\': u\'F\'}\n\xe5\xae\x9e\xe8\xbe\xbe\xe9\x9b\x86\xe5\x9b\xa2\nSH600734\n\xe8\xa1\x8c\xe4\xb8\x9a\xe6\x9d\xbf\xe5\x9d\x97\n\xe6\x88\xbf\xe5\x9c\xb0\xe4\xba\xa7\n{u\'Code\': u\'SZ000931\', u\'PlateName\': u\'\\u884c\\u4e1a\\u677f\\u5757\', u\'Name\': u\'\\u4e2d\\u5173\\u6751\', u\'TypeName\': u\'\\u623f\\u5730\\u4ea7\', u\'SysCode\': u\'DH00451\', u\'Date\': u\'2017-09-27\', u\'TypeZm\': u\'F\'}\n\xe4\xb8\xad\xe5\x85\xb3\xe6\x9d\x91\nSZ000931\n\xe8\xa1\x8c\xe4\xb8\x9a\xe6\x9d\xbf\xe5\x9d\x97\n\xe6\x88\xbf\xe5\x9c\xb0\xe4\xba\xa7\n{u\'Code\': u\'SZ000736\', u\'PlateName\': u\'\\u884c\\u4e1a\\u677f\\u5757\', u\'Name\': u\'\\u4e2d\\u623f\\u5730\\u4ea7\', u\'TypeName\': u\'\\u623f\\u5730\\u4ea7\', u\'SysCode\': u\'DH00451\', u\'Date\': u\'2017-09-27\', u\'TypeZm\': u\'F\'}\n\xe4\xb8\xad\xe6\x88\xbf\xe5\x9c\xb0\xe4\xba\xa7\nSZ000736\n\xe8\xa1\x8c\xe4\xb8\x9a\xe6\x9d\xbf\xe5\x9d\x97\n\xe6\x88\xbf\xe5\x9c\xb0\xe4\xba\xa7\n{u\'Code\': u\'SH600657\', u\'PlateName\': u\'\\u884c\\u4e1a\\u677f\\u5757\', u\'Name\': u\'\\u4fe1\\u8fbe\\u5730\\u4ea7\', u\'TypeName\': u\'\\u623f\\u5730\\u4ea7\', u\'SysCode\': u\'DH00451\', u\'Date\': u\'2017-09-27\', u\'TypeZm\': u\'F\'}\n\xe4\xbf\xa1\xe8\xbe\xbe\xe5\x9c\xb0\xe4\xba\xa7\nSH600657\n\xe8\xa1\x8c\xe4\xb8\x9a\xe6\x9d\xbf\xe5\x9d\x97\n\xe6\x88\xbf\xe5\x9c\xb0\xe4\xba\xa7\n{u\'Code\': u\'SZ000918\', u\'PlateName\': u\'\\u884c\\u4e1a\\u677f\\u5757\', u\'Name\': u\'\\u5609\\u51ef\\u57ce\', u\'TypeName\': u\'\\u623f\\u5730\\u4ea7\', u\'SysCode\': u\'DH00451\', u\'Date\': u\'2017-09-27\', u\'TypeZm\': u\'F\'}\n\xe5\x98\x89\xe5\x87\xaf\xe5\x9f\x8e\nSZ000918\n\xe8\xa1\x8c\xe4\xb8\x9a\xe6\x9d\xbf\xe5\x9d\x97\n\xe6\x88\xbf\xe5\x9c\xb0\xe4\xba\xa7\n{u\'Code\': u\'SH900902\', u\'PlateName\': u\'\\u884c\\u4e1a\\u677f\\u5757\', u\'Name\': u\'\\u5e02\\u5317B\\u80a1\', u\'TypeName\': u\'\\u623f\\u5730\\u4ea7\', u\'SysCode\': u\'DH00451\', u\'Date\': u\'2017-09-27\', u\'TypeZm\': u\'F\'}\n\xe5\xb8\x82\xe5\x8c\x97B\xe8\x82\xa1\nSH900902\n\xe8\xa1\x8c\xe4\xb8\x9a\xe6\x9d\xbf\xe5\x9d\x97\n\xe6\x88\xbf\xe5\x9c\xb0\xe4\xba\xa7\n{u\'Code\': u\'SH600503\', u\'PlateName\': u\'\\u884c\\u4e1a\\u677f\\u5757\', u\'Name\': u\'\\u534e\\u4e3d\\u5bb6\\u65cf\', u\'TypeName\': u\'\\u623f\\u5730\\u4ea7\', u\'SysCode\': u\'DH00451\', u\'Date\': u\'2017-09-27\', u\'TypeZm\': u\'F\'}\n\xe5\x8d\x8e\xe4\xb8\xbd\xe5\xae\xb6\xe6\x97\x8f\nSH600503\n\xe8\xa1\x8c\xe4\xb8\x9a\xe6\x9d\xbf\xe5\x9d\x97\n\xe6\x88\xbf\xe5\x9c\xb0\xe4\xba\xa7\n{u\'Code\': u\'SZ200505\', u\'PlateName\': u\'\\u884c\\u4e1a\\u677f\\u5757\', u\'Name\': u\'\\u73e0\\u6c5fB\', u\'TypeName\': u\'\\u623f\\u5730\\u4ea7\', u\'SysCode\': u\'DH00451\', u\'Date\': u\'2017-09-27\', u\'TypeZm\': u\'F\'}\n\xe7\x8f\xa0\xe6\xb1\x9fB\nSZ200505\n\xe8\xa1\x8c\xe4\xb8\x9a\xe6\x9d\xbf\xe5\x9d\x97\n\xe6\x88\xbf\xe5\x9c\xb0\xe4\xba\xa7\n{u\'Code\': u\'SH600007\', u\'PlateName\': u\'\\u884c\\u4e1a\\u677f\\u5757\', u\'Name\': u\'\\u4e2d\\u56fd\\u56fd\\u8d38\', u\'TypeName\': u\'\\u623f\\u5730\\u4ea7\', u\'SysCode\': u\'DH00451\', u\'Date\': u\'2017-09-27\', u\'TypeZm\': u\'F\'}\n\xe4\xb8\xad\xe5\x9b\xbd\xe5\x9b\xbd\xe8\xb4\xb8\nSH600007\n\xe8\xa1\x8c\xe4\xb8\x9a\xe6\x9d\xbf\xe5\x9d\x97\n\xe6\x88\xbf\xe5\x9c\xb0\xe4\xba\xa7\n{u\'Code\': u\'SZ000573\', u\'PlateName\': u\'\\u884c\\u4e1a\\u677f\\u5757\', u\'Name\': u\'\\u7ca4\\u5b8f\\u8fdcA\', u\'TypeName\': u\'\\u623f\\u5730\\u4ea7\', u\'SysCode\': u\'DH00451\', u\'Date\': u\'2017-09-27\', u\'TypeZm\': u\'F\'}\n\xe7\xb2\xa4\xe5\xae\x8f\xe8\xbf\x9cA\nSZ000573\n\xe8\xa1\x8c\xe4\xb8\x9a\xe6\x9d\xbf\xe5\x9d\x97\n\xe6\x88\xbf\xe5\x9c\xb0\xe4\xba\xa7\n{u\'Code\': u\'SZ000567\', u\'PlateName\': u\'\\u884c\\u4e1a\\u677f\\u5757\', u\'Name\': u\'\\u6d77\\u5fb7\\u80a1\\u4efd\', u\'TypeName\': u\'\\u623f\\u5730\\u4ea7\', u\'SysCode\': u\'DH00451\', u\'Date\': u\'2017-09-27\', u\'TypeZm\': u\'F\'}\n\xe6\xb5\xb7\xe5\xbe\xb7\xe8\x82\xa1\xe4\xbb\xbd\nSZ000567\n\xe8\xa1\x8c\xe4\xb8\x9a\xe6\x9d\xbf\xe5\x9d\x97\n\xe6\x88\xbf\xe5\x9c\xb0\xe4\xba\xa7\n{u\'Code\': u\'SH600684\', u\'PlateName\': u\'\\u884c\\u4e1a\\u677f\\u5757\', u\'Name\': u\'\\u73e0\\u6c5f\\u5b9e\\u4e1a\', u\'TypeName\': u\'\\u623f\\u5730\\u4ea7\', u\'SysCode\': u\'DH00451\', u\'Date\': u\'2017-09-27\', u\'TypeZm\': u\'F\'}\n\xe7\x8f\xa0\xe6\xb1\x9f\xe5\xae\x9e\xe4\xb8\x9a\nSH600684\n\xe8\xa1\x8c\xe4\xb8\x9a\xe6\x9d\xbf\xe5\x9d\x97\n\xe6\x88\xbf\xe5\x9c\xb0\xe4\xba\xa7\n{u\'Code\': u\'SH600240\', u\'PlateName\': u\'\\u884c\\u4e1a\\u677f\\u5757\', u\'Name\': u\'\\u534e\\u4e1a\\u8d44\\u672c\', u\'TypeName\': u\'\\u623f\\u5730\\u4ea7\', u\'SysCode\': u\'DH00451\', u\'Date\': u\'2017-09-27\', u\'TypeZm\': u\'F\'}\n\xe5\x8d\x8e\xe4\xb8\x9a\xe8\xb5\x84\xe6\x9c\xac\nSH600240\n\xe8\xa1\x8c\xe4\xb8\x9a\xe6\x9d\xbf\xe5\x9d\x97\n\xe6\x88\xbf\xe5\x9c\xb0\xe4\xba\xa7\n{u\'Code\': u\'SH600225\', u\'PlateName\': u\'\\u884c\\u4e1a\\u677f\\u5757\', u\'Name\': u\'*ST\\u677e\\u6c5f\', u\'TypeName\': u\'\\u623f\\u5730\\u4ea7\', u\'SysCode\': u\'DH00451\', u\'Date\': u\'2017-09-27\', u\'TypeZm\': u\'F\'}\n*ST\xe6\x9d\xbe\xe6\xb1\x9f\nSH600225\n\xe8\xa1\x8c\xe4\xb8\x9a\xe6\x9d\xbf\xe5\x9d\x97\n\xe6\x88\xbf\xe5\x9c\xb0\xe4\xba\xa7\n{u\'Code\': u\'SZ000046\', u\'PlateName\': u\'\\u884c\\u4e1a\\u677f\\u5757\', u\'Name\': u\'\\u6cdb\\u6d77\\u63a7\\u80a1\', u\'TypeName\': u\'\\u623f\\u5730\\u4ea7\', u\'SysCode\': u\'DH00451\', u\'Date\': u\'2017-09-27\', u\'TypeZm\': u\'F\'}\n\xe6\xb3\x9b\xe6\xb5\xb7\xe6\x8e\xa7\xe8\x82\xa1\nSZ000046\n\xe8\xa1\x8c\xe4\xb8\x9a\xe6\x9d\xbf\xe5\x9d\x97\n\xe6\x88\xbf\xe5\x9c\xb0\xe4\xba\xa7\n{u\'Code\': u\'SH600067\', u\'PlateName\': u\'\\u884c\\u4e1a\\u677f\\u5757\', u\'Name\': u\'\\u51a0\\u57ce\\u5927\\u901a\', u\'TypeName\': u\'\\u623f\\u5730\\u4ea7\', u\'SysCode\': u\'DH00451\', u\'Date\': u\'2017-09-27\', u\'TypeZm\': u\'F\'}\n\xe5\x86\xa0\xe5\x9f\x8e\xe5\xa4\xa7\xe9\x80\x9a\nSH600067\n\xe8\xa1\x8c\xe4\xb8\x9a\xe6\x9d\xbf\xe5\x9d\x97\n\xe6\x88\xbf\xe5\x9c\xb0\xe4\xba\xa7\n{u\'Code\': u\'SZ002016\', u\'PlateName\': u\'\\u884c\\u4e1a\\u677f\\u5757\', u\'Name\': u\'\\u4e16\\u8363\\u5146\\u4e1a\', u\'TypeName\': u\'\\u623f\\u5730\\u4ea7\', u\'SysCode\': u\'DH00451\', u\'Date\': u\'2017-09-27\', u\'TypeZm\': u\'F\'}\n\xe4\xb8\x96\xe8\x8d\xa3\xe5\x85\x86\xe4\xb8\x9a\nSZ002016\n\xe8\xa1\x8c\xe4\xb8\x9a\xe6\x9d\xbf\xe5\x9d\x97\n\xe6\x88\xbf\xe5\x9c\xb0\xe4\xba\xa7\n{u\'Code\': u\'SH600048\', u\'PlateName\': u\'\\u884c\\u4e1a\\u677f\\u5757\', u\'Name\': u\'\\u4fdd\\u5229\\u5730\\u4ea7\', u\'TypeName\': u\'\\u623f\\u5730\\u4ea7\', u\'SysCode\': u\'DH00451\', u\'Date\': u\'2017-09-27\', u\'TypeZm\': u\'F\'}\n\xe4\xbf\x9d\xe5\x88\xa9\xe5\x9c\xb0\xe4\xba\xa7\nSH600048\n\xe8\xa1\x8c\xe4\xb8\x9a\xe6\x9d\xbf\xe5\x9d\x97\n\xe6\x88\xbf\xe5\x9c\xb0\xe4\xba\xa7\n{u\'Code\': u\'SZ002208\', u\'PlateName\': u\'\\u884c\\u4e1a\\u677f\\u5757\', u\'Name\': u\'\\u5408\\u80a5\\u57ce\\u5efa\', u\'TypeName\': u\'\\u623f\\u5730\\u4ea7\', u\'SysCode\': u\'DH00451\', u\'Date\': u\'2017-09-27\', u\'TypeZm\': u\'F\'}\n\xe5\x90\x88\xe8\x82\xa5\xe5\x9f\x8e\xe5\xbb\xba\nSZ002208\n\xe8\xa1\x8c\xe4\xb8\x9a\xe6\x9d\xbf\xe5\x9d\x97\n\xe6\x88\xbf\xe5\x9c\xb0\xe4\xba\xa7\n{u\'Code\': u\'SH600149\', u\'PlateName\': u\'\\u884c\\u4e1a\\u677f\\u5757\', u\'Name\': u\'*ST\\u574a\\u5c55\', u\'TypeName\': u\'\\u623f\\u5730\\u4ea7\', u\'SysCode\': u\'DH00451\', u\'Date\': u\'2017-09-27\', u\'TypeZm\': u\'F\'}\n*ST\xe5\x9d\x8a\xe5\xb1\x95\nSH600149\n\xe8\xa1\x8c\xe4\xb8\x9a\xe6\x9d\xbf\xe5\x9d\x97\n\xe6\x88\xbf\xe5\x9c\xb0\xe4\xba\xa7\n{u\'Code\': u\'SH600515\', u\'PlateName\': u\'\\u884c\\u4e1a\\u677f\\u5757\', u\'Name\': u\'\\u6d77\\u822a\\u57fa\\u7840\', u\'TypeName\': u\'\\u623f\\u5730\\u4ea7\', u\'SysCode\': u\'DH00451\', u\'Date\': u\'2017-09-27\', u\'TypeZm\': u\'F\'}\n\xe6\xb5\xb7\xe8\x88\xaa\xe5\x9f\xba\xe7\xa1\x80\nSH600515\n\xe8\xa1\x8c\xe4\xb8\x9a\xe6\x9d\xbf\xe5\x9d\x97\n\xe6\x88\xbf\xe5\x9c\xb0\xe4\xba\xa7\n{u\'Code\': u\'SZ000609\', u\'PlateName\': u\'\\u884c\\u4e1a\\u677f\\u5757\', u\'Name\': u\'\\u7ef5\\u77f3\\u6295\\u8d44\', u\'TypeName\': u\'\\u623f\\u5730\\u4ea7\', u\'SysCode\': u\'DH00451\', u\'Date\': u\'2017-09-27\', u\'TypeZm\': u\'F\'}\n\xe7\xbb\xb5\xe7\x9f\xb3\xe6\x8a\x95\xe8\xb5\x84\nSZ000609\n\xe8\xa1\x8c\xe4\xb8\x9a\xe6\x9d\xbf\xe5\x9d\x97\n\xe6\x88\xbf\xe5\x9c\xb0\xe4\xba\xa7\n{u\'Code\': u\'SZ002146\', u\'PlateName\': u\'\\u884c\\u4e1a\\u677f\\u5757\', u\'Name\': u\'\\u8363\\u76db\\u53d1\\u5c55\', u\'TypeName\': u\'\\u623f\\u5730\\u4ea7\', u\'SysCode\': u\'DH00451\', u\'Date\': u\'2017-09-27\', u\'TypeZm\': u\'F\'}\n\xe8\x8d\xa3\xe7\x9b\x9b\xe5\x8f\x91\xe5\xb1\x95\nSZ002146\n\xe8\xa1\x8c\xe4\xb8\x9a\xe6\x9d\xbf\xe5\x9d\x97\n\xe6\x88\xbf\xe5\x9c\xb0\xe4\xba\xa7\n{u\'Code\': u\'SZ000005\', u\'PlateName\': u\'\\u884c\\u4e1a\\u677f\\u5757\', u\'Name\': u\'\\u4e16\\u7eaa\\u661f\\u6e90\', u\'TypeName\': u\'\\u623f\\u5730\\u4ea7\', u\'SysCode\': u\'DH00451\', u\'Date\': u\'2017-09-27\', u\'TypeZm\': u\'F\'}\n\xe4\xb8\x96\xe7\xba\xaa\xe6\x98\x9f\xe6\xba\x90\nSZ000005\n\xe8\xa1\x8c\xe4\xb8\x9a\xe6\x9d\xbf\xe5\x9d\x97\n\xe6\x88\xbf\xe5\x9c\xb0\xe4\xba\xa7\n{u\'Code\': u\'SH600641\', u\'PlateName\': u\'\\u884c\\u4e1a\\u677f\\u5757\', u\'Name\': u\'\\u4e07\\u4e1a\\u4f01\\u4e1a\', u\'TypeName\': u\'\\u623f\\u5730\\u4ea7\', u\'SysCode\': u\'DH00451\', u\'Date\': u\'2017-09-27\', u\'TypeZm\': u\'F\'}\n\xe4\xb8\x87\xe4\xb8\x9a\xe4\xbc\x81\xe4\xb8\x9a\nSH600641\n\xe8\xa1\x8c\xe4\xb8\x9a\xe6\x9d\xbf\xe5\x9d\x97\n\xe6\x88\xbf\xe5\x9c\xb0\xe4\xba\xa7\n{u\'Code\': u\'SZ000009\', u\'PlateName\': u\'\\u884c\\u4e1a\\u677f\\u5757\', u\'Name\': u\'\\u4e2d\\u56fd\\u5b9d\\u5b89\', u\'TypeName\': u\'\\u623f\\u5730\\u4ea7\', u\'SysCode\': u\'DH00451\', u\'Date\': u\'2017-09-27\', u\'TypeZm\': u\'F\'}\n\xe4\xb8\xad\xe5\x9b\xbd\xe5\xae\x9d\xe5\xae\x89\nSZ000009\n\xe8\xa1\x8c\xe4\xb8\x9a\xe6\x9d\xbf\xe5\x9d\x97\n\xe6\x88\xbf\xe5\x9c\xb0\xe4\xba\xa7\n{u\'Code\': u\'SZ000667\', u\'PlateName\': u\'\\u884c\\u4e1a\\u677f\\u5757\', u\'Name\': u\'\\u7f8e\\u597d\\u7f6e\\u4e1a\', u\'TypeName\': u\'\\u623f\\u5730\\u4ea7\', u\'SysCode\': u\'DH00451\', u\'Date\': u\'2017-09-27\', u\'TypeZm\': u\'F\'}\n\xe7\xbe\x8e\xe5\xa5\xbd\xe7\xbd\xae\xe4\xb8\x9a\nSZ000667\n\xe8\xa1\x8c\xe4\xb8\x9a\xe6\x9d\xbf\xe5\x9d\x97\n\xe6\x88\xbf\xe5\x9c\xb0\xe4\xba\xa7\n{u\'Code\': u\'SZ000965\', u\'PlateName\': u\'\\u884c\\u4e1a\\u677f\\u5757\', u\'Name\': u\'\\u5929\\u4fdd\\u57fa\\u5efa\', u\'TypeName\': u\'\\u623f\\u5730\\u4ea7\', u\'SysCode\': u\'DH00451\', u\'Date\': u\'2017-09-27\', u\'TypeZm\': u\'F\'}\n\xe5\xa4\xa9\xe4\xbf\x9d\xe5\x9f\xba\xe5\xbb\xba\nSZ000965\n\xe8\xa1\x8c\xe4\xb8\x9a\xe6\x9d\xbf\xe5\x9d\x97\n\xe6\x88\xbf\xe5\x9c\xb0\xe4\xba\xa7\n{u\'Code\': u\'SH600234\', u\'PlateName\': u\'\\u884c\\u4e1a\\u677f\\u5757\', u\'Name\': u\'ST\\u5c71\\u6c34\', u\'TypeName\': u\'\\u623f\\u5730\\u4ea7\', u\'SysCode\': u\'DH00451\', u\'Date\': u\'2017-09-27\', u\'TypeZm\': u\'F\'}\nST\xe5\xb1\xb1\xe6\xb0\xb4\nSH600234\n\xe8\xa1\x8c\xe4\xb8\x9a\xe6\x9d\xbf\xe5\x9d\x97\n\xe6\x88\xbf\xe5\x9c\xb0\xe4\xba\xa7\n{u\'Code\': u\'SH600604\', u\'PlateName\': u\'\\u884c\\u4e1a\\u677f\\u5757\', u\'Name\': u\'\\u5e02\\u5317\\u9ad8\\u65b0\', u\'TypeName\': u\'\\u623f\\u5730\\u4ea7\', u\'SysCode\': u\'DH00451\', u\'Date\': u\'2017-09-27\', u\'TypeZm\': u\'F\'}\n\xe5\xb8\x82\xe5\x8c\x97\xe9\xab\x98\xe6\x96\xb0\nSH600604\n\xe8\xa1\x8c\xe4\xb8\x9a\xe6\x9d\xbf\xe5\x9d\x97\n\xe6\x88\xbf\xe5\x9c\xb0\xe4\xba\xa7\n{u\'Code\': u\'SH600823\', u\'PlateName\': u\'\\u884c\\u4e1a\\u677f\\u5757\', u\'Name\': u\'\\u4e16\\u8302\\u80a1\\u4efd\', u\'TypeName\': u\'\\u623f\\u5730\\u4ea7\', u\'SysCode\': u\'DH00451\', u\'Date\': u\'2017-09-27\', u\'TypeZm\': u\'F\'}\n\xe4\xb8\x96\xe8\x8c\x82\xe8\x82\xa1\xe4\xbb\xbd\nSH600823\n\xe8\xa1\x8c\xe4\xb8\x9a\xe6\x9d\xbf\xe5\x9d\x97\n\xe6\x88\xbf\xe5\x9c\xb0\xe4\xba\xa7\n{u\'Code\': u\'SZ000505\', u\'PlateName\': u\'\\u884c\\u4e1a\\u677f\\u5757\', u\'Name\': u\'\\u73e0\\u6c5f\\u63a7\\u80a1\', u\'TypeName\': u\'\\u623f\\u5730\\u4ea7\', u\'SysCode\': u\'DH00451\', u\'Date\': u\'2017-09-27\', u\'TypeZm\': u\'F\'}\n\xe7\x8f\xa0\xe6\xb1\x9f\xe6\x8e\xa7\xe8\x82\xa1\nSZ000505\n\xe8\xa1\x8c\xe4\xb8\x9a\xe6\x9d\xbf\xe5\x9d\x97\n\xe6\x88\xbf\xe5\x9c\xb0\xe4\xba\xa7\n{u\'Code\': u\'SH600716\', u\'PlateName\': u\'\\u884c\\u4e1a\\u677f\\u5757\', u\'Name\': u\'\\u51e4\\u51f0\\u80a1\\u4efd\', u\'TypeName\': u\'\\u623f\\u5730\\u4ea7\', u\'SysCode\': u\'DH00451\', u\'Date\': u\'2017-09-27\', u\'TypeZm\': u\'F\'}\n\xe5\x87\xa4\xe5\x87\xb0\xe8\x82\xa1\xe4\xbb\xbd\nSH600716\n\xe8\xa1\x8c\xe4\xb8\x9a\xe6\x9d\xbf\xe5\x9d\x97\n\xe6\x88\xbf\xe5\x9c\xb0\xe4\xba\xa7\n{u\'Code\': u\'SZ000011\', u\'PlateName\': u\'\\u884c\\u4e1a\\u677f\\u5757\', u\'Name\': u\'\\u6df1\\u7269\\u4e1aA\', u\'TypeName\': u\'\\u623f\\u5730\\u4ea7\', u\'SysCode\': u\'DH00451\', u\'Date\': u\'2017-09-27\', u\'TypeZm\': u\'F\'}\n\xe6\xb7\xb1\xe7\x89\xa9\xe4\xb8\x9aA\nSZ000011\n\xe8\xa1\x8c\xe4\xb8\x9a\xe6\x9d\xbf\xe5\x9d\x97\n\xe6\x88\xbf\xe5\x9c\xb0\xe4\xba\xa7\n{u\'Code\': u\'SZ000897\', u\'PlateName\': u\'\\u884c\\u4e1a\\u677f\\u5757\', u\'Name\': u\'\\u6d25\\u6ee8\\u53d1\\u5c55\', u\'TypeName\': u\'\\u623f\\u5730\\u4ea7\', u\'SysCode\': u\'DH00451\', u\'Date\': u\'2017-09-27\', u\'TypeZm\': u\'F\'}\n\xe6\xb4\xa5\xe6\xbb\xa8\xe5\x8f\x91\xe5\xb1\x95\nSZ000897\n\xe8\xa1\x8c\xe4\xb8\x9a\xe6\x9d\xbf\xe5\x9d\x97\n\xe6\x88\xbf\xe5\x9c\xb0\xe4\xba\xa7\n{u\'Code\': u\'SZ000671\', u\'PlateName\': u\'\\u884c\\u4e1a\\u677f\\u5757\', u\'Name\': u\'\\u9633\\u5149\\u57ce\', u\'TypeName\': u\'\\u623f\\u5730\\u4ea7\', u\'SysCode\': u\'DH00451\', u\'Date\': u\'2017-09-27\', u\'TypeZm\': u\'F\'}\n\xe9\x98\xb3\xe5\x85\x89\xe5\x9f\x8e\nSZ000671\n\xe8\xa1\x8c\xe4\xb8\x9a\xe6\x9d\xbf\xe5\x9d\x97\n\xe6\x88\xbf\xe5\x9c\xb0\xe4\xba\xa7\n{u\'Code\': u\'SH600638\', u\'PlateName\': u\'\\u884c\\u4e1a\\u677f\\u5757\', u\'Name\': u\'\\u65b0\\u9ec4\\u6d66\', u\'TypeName\': u\'\\u623f\\u5730\\u4ea7\', u\'SysCode\': u\'DH00451\', u\'Date\': u\'2017-09-27\', u\'TypeZm\': u\'F\'}\n\xe6\x96\xb0\xe9\xbb\x84\xe6\xb5\xa6\nSH600638\n\xe8\xa1\x8c\xe4\xb8\x9a\xe6\x9d\xbf\xe5\x9d\x97\n\xe6\x88\xbf\xe5\x9c\xb0\xe4\xba\xa7\n{u\'Code\': u\'SZ002305\', u\'PlateName\': u\'\\u884c\\u4e1a\\u677f\\u5757\', u\'Name\': u\'\\u5357\\u56fd\\u7f6e\\u4e1a\', u\'TypeName\': u\'\\u623f\\u5730\\u4ea7\', u\'SysCode\': u\'DH00451\', u\'Date\': u\'2017-09-27\', u\'TypeZm\': u\'F\'}\n\xe5\x8d\x97\xe5\x9b\xbd\xe7\xbd\xae\xe4\xb8\x9a\nSZ002305\n\xe8\xa1\x8c\xe4\xb8\x9a\xe6\x9d\xbf\xe5\x9d\x97\n\xe6\x88\xbf\xe5\x9c\xb0\xe4\xba\xa7\n{u\'Code\': u\'SH600736\', u\'PlateName\': u\'\\u884c\\u4e1a\\u677f\\u5757\', u\'Name\': u\'\\u82cf\\u5dde\\u9ad8\\u65b0\', u\'TypeName\': u\'\\u623f\\u5730\\u4ea7\', u\'SysCode\': u\'DH00451\', u\'Date\': u\'2017-09-27\', u\'TypeZm\': u\'F\'}\n\xe8\x8b\x8f\xe5\xb7\x9e\xe9\xab\x98\xe6\x96\xb0\nSH600736\n\xe8\xa1\x8c\xe4\xb8\x9a\xe6\x9d\xbf\xe5\x9d\x97\n\xe6\x88\xbf\xe5\x9c\xb0\xe4\xba\xa7\n{u\'Code\': u\'SH600082\', u\'PlateName\': u\'\\u884c\\u4e1a\\u677f\\u5757\', u\'Name\': u\'\\u6d77\\u6cf0\\u53d1\\u5c55\', u\'TypeName\': u\'\\u623f\\u5730\\u4ea7\', u\'SysCode\': u\'DH00451\', u\'Date\': u\'2017-09-27\', u\'TypeZm\': u\'F\'}\n\xe6\xb5\xb7\xe6\xb3\xb0\xe5\x8f\x91\xe5\xb1\x95\nSH600082\n\xe8\xa1\x8c\xe4\xb8\x9a\xe6\x9d\xbf\xe5\x9d\x97\n\xe6\x88\xbf\xe5\x9c\xb0\xe4\xba\xa7\n{u\'Code\': u\'SH600665\', u\'PlateName\': u\'\\u884c\\u4e1a\\u677f\\u5757\', u\'Name\': u\'\\u5929\\u5730\\u6e90\', u\'TypeName\': u\'\\u623f\\u5730\\u4ea7\', u\'SysCode\': u\'DH00451\', u\'Date\': u\'2017-09-27\', u\'TypeZm\': u\'F\'}\n\xe5\xa4\xa9\xe5\x9c\xb0\xe6\xba\x90\nSH600665\n\xe8\xa1\x8c\xe4\xb8\x9a\xe6\x9d\xbf\xe5\x9d\x97\n\xe6\x88\xbf\xe5\x9c\xb0\xe4\xba\xa7\n{u\'Code\': u\'SZ002244\', u\'PlateName\': u\'\\u884c\\u4e1a\\u677f\\u5757\', u\'Name\': u\'\\u6ee8\\u6c5f\\u96c6\\u56e2\', u\'TypeName\': u\'\\u623f\\u5730\\u4ea7\', u\'SysCode\': u\'DH00451\', u\'Date\': u\'2017-09-27\', u\'TypeZm\': u\'F\'}\n\xe6\xbb\xa8\xe6\xb1\x9f\xe9\x9b\x86\xe5\x9b\xa2\nSZ002244\n\xe8\xa1\x8c\xe4\xb8\x9a\xe6\x9d\xbf\xe5\x9d\x97\n\xe6\x88\xbf\xe5\x9c\xb0\xe4\xba\xa7\n{u\'Code\': u\'SZ002133\', u\'PlateName\': u\'\\u884c\\u4e1a\\u677f\\u5757\', u\'Name\': u\'\\u5e7f\\u5b87\\u96c6\\u56e2\', u\'TypeName\': u\'\\u623f\\u5730\\u4ea7\', u\'SysCode\': u\'DH00451\', u\'Date\': u\'2017-09-27\', u\'TypeZm\': u\'F\'}\n\xe5\xb9\xbf\xe5\xae\x87\xe9\x9b\x86\xe5\x9b\xa2\nSZ002133\n\xe8\xa1\x8c\xe4\xb8\x9a\xe6\x9d\xbf\xe5\x9d\x97\n\xe6\x88\xbf\xe5\x9c\xb0\xe4\xba\xa7\n{u\'Code\': u\'SH900940\', u\'PlateName\': u\'\\u884c\\u4e1a\\u677f\\u5757\', u\'Name\': u\'\\u5927\\u540d\\u57ceB\', u\'TypeName\': u\'\\u623f\\u5730\\u4ea7\', u\'SysCode\': u\'DH00451\', u\'Date\': u\'2017-09-27\', u\'TypeZm\': u\'F\'}\n\xe5\xa4\xa7\xe5\x90\x8d\xe5\x9f\x8eB\nSH900940\n\xe8\xa1\x8c\xe4\xb8\x9a\xe6\x9d\xbf\xe5\x9d\x97\n\xe6\x88\xbf\xe5\x9c\xb0\xe4\xba\xa7\n{u\'Code\': u\'SH600692\', u\'PlateName\': u\'\\u884c\\u4e1a\\u677f\\u5757\', u\'Name\': u\'\\u4e9a\\u901a\\u80a1\\u4efd\', u\'TypeName\': u\'\\u623f\\u5730\\u4ea7\', u\'SysCode\': u\'DH00451\', u\'Date\': u\'2017-09-27\', u\'TypeZm\': u\'F\'}\n\xe4\xba\x9a\xe9\x80\x9a\xe8\x82\xa1\xe4\xbb\xbd\nSH600692\n\xe8\xa1\x8c\xe4\xb8\x9a\xe6\x9d\xbf\xe5\x9d\x97\n\xe6\x88\xbf\xe5\x9c\xb0\xe4\xba\xa7\n{u\'Code\': u\'SH600325\', u\'PlateName\': u\'\\u884c\\u4e1a\\u677f\\u5757\', u\'Name\': u\'\\u534e\\u53d1\\u80a1\\u4efd\', u\'TypeName\': u\'\\u623f\\u5730\\u4ea7\', u\'SysCode\': u\'DH00451\', u\'Date\': u\'2017-09-27\', u\'TypeZm\': u\'F\'}\n\xe5\x8d\x8e\xe5\x8f\x91\xe8\x82\xa1\xe4\xbb\xbd\nSH600325\n\xe8\xa1\x8c\xe4\xb8\x9a\xe6\x9d\xbf\xe5\x9d\x97\n\xe6\x88\xbf\xe5\x9c\xb0\xe4\xba\xa7\n{u\'Code\': u\'SZ000732\', u\'PlateName\': u\'\\u884c\\u4e1a\\u677f\\u5757\', u\'Name\': u\'\\u6cf0\\u79be\\u96c6\\u56e2\', u\'TypeName\': u\'\\u623f\\u5730\\u4ea7\', u\'SysCode\': u\'DH00451\', u\'Date\': u\'2017-09-27\', u\'TypeZm\': u\'F\'}\n\xe6\xb3\xb0\xe7\xa6\xbe\xe9\x9b\x86\xe5\x9b\xa2\nSZ000732\n\xe8\xa1\x8c\xe4\xb8\x9a\xe6\x9d\xbf\xe5\x9d\x97\n\xe6\x88\xbf\xe5\x9c\xb0\xe4\xba\xa7\n{u\'Code\': u\'SH600215\', u\'PlateName\': u\'\\u884c\\u4e1a\\u677f\\u5757\', u\'Name\': u\'\\u957f\\u6625\\u7ecf\\u5f00\', u\'TypeName\': u\'\\u623f\\u5730\\u4ea7\', u\'SysCode\': u\'DH00451\', u\'Date\': u\'2017-09-27\', u\'TypeZm\': u\'F\'}\n\xe9\x95\xbf\xe6\x98\xa5\xe7\xbb\x8f\xe5\xbc\x80\nSH600215\n\xe8\xa1\x8c\xe4\xb8\x9a\xe6\x9d\xbf\xe5\x9d\x97\n\xe6\x88\xbf\xe5\x9c\xb0\xe4\xba\xa7\n{u\'Code\': u\'SH600185\', u\'PlateName\': u\'\\u884c\\u4e1a\\u677f\\u5757\', u\'Name\': u\'\\u683c\\u529b\\u5730\\u4ea7\', u\'TypeName\': u\'\\u623f\\u5730\\u4ea7\', u\'SysCode\': u\'DH00451\', u\'Date\': u\'2017-09-27\', u\'TypeZm\': u\'F\'}\n\xe6\xa0\xbc\xe5\x8a\x9b\xe5\x9c\xb0\xe4\xba\xa7\nSH600185\n\xe8\xa1\x8c\xe4\xb8\x9a\xe6\x9d\xbf\xe5\x9d\x97\n\xe6\x88\xbf\xe5\x9c\xb0\xe4\xba\xa7\n{u\'Code\': u\'SZ000517\', u\'PlateName\': u\'\\u884c\\u4e1a\\u677f\\u5757\', u\'Name\': u\'\\u8363\\u5b89\\u5730\\u4ea7\', u\'TypeName\': u\'\\u623f\\u5730\\u4ea7\', u\'SysCode\': u\'DH00451\', u\'Date\': u\'2017-09-27\', u\'TypeZm\': u\'F\'}\n\xe8\x8d\xa3\xe5\xae\x89\xe5\x9c\xb0\xe4\xba\xa7\nSZ000517\n\xe8\xa1\x8c\xe4\xb8\x9a\xe6\x9d\xbf\xe5\x9d\x97\n\xe6\x88\xbf\xe5\x9c\xb0\xe4\xba\xa7\n{u\'Code\': u\'SH600753\', u\'PlateName\': u\'\\u884c\\u4e1a\\u677f\\u5757\', u\'Name\': u\'\\u4e1c\\u65b9\\u94f6\\u661f\', u\'TypeName\': u\'\\u623f\\u5730\\u4ea7\', u\'SysCode\': u\'DH00451\', u\'Date\': u\'2017-09-27\', u\'TypeZm\': u\'F\'}\n\xe4\xb8\x9c\xe6\x96\xb9\xe9\x93\xb6\xe6\x98\x9f\nSH600753\n\xe8\xa1\x8c\xe4\xb8\x9a\xe6\x9d\xbf\xe5\x9d\x97\n\xe6\x88\xbf\xe5\x9c\xb0\xe4\xba\xa7\n{u\'Code\': u\'SH600724\', u\'PlateName\': u\'\\u884c\\u4e1a\\u677f\\u5757\', u\'Name\': u\'\\u5b81\\u6ce2\\u5bcc\\u8fbe\', u\'TypeName\': u\'\\u623f\\u5730\\u4ea7\', u\'SysCode\': u\'DH00451\', u\'Date\': u\'2017-09-27\', u\'TypeZm\': u\'F\'}\n\xe5\xae\x81\xe6\xb3\xa2\xe5\xaf\x8c\xe8\xbe\xbe\nSH600724\n\xe8\xa1\x8c\xe4\xb8\x9a\xe6\x9d\xbf\xe5\x9d\x97\n\xe6\x88\xbf\xe5\x9c\xb0\xe4\xba\xa7\n{u\'Code\': u\'SH600732\', u\'PlateName\': u\'\\u884c\\u4e1a\\u677f\\u5757\', u\'Name\': u\'ST\\u65b0\\u6885\', u\'TypeName\': u\'\\u623f\\u5730\\u4ea7\', u\'SysCode\': u\'DH00451\', u\'Date\': u\'2017-09-27\', u\'TypeZm\': u\'F\'}\nST\xe6\x96\xb0\xe6\xa2\x85\nSH600732\n\xe8\xa1\x8c\xe4\xb8\x9a\xe6\x9d\xbf\xe5\x9d\x97\n\xe6\x88\xbf\xe5\x9c\xb0\xe4\xba\xa7\n{u\'Code\': u\'SH900911\', u\'PlateName\': u\'\\u884c\\u4e1a\\u677f\\u5757\', u\'Name\': u\'\\u91d1\\u6865B\\u80a1\', u\'TypeName\': u\'\\u623f\\u5730\\u4ea7\', u\'SysCode\': u\'DH00451\', u\'Date\': u\'2017-09-27\', u\'TypeZm\': u\'F\'}\n\xe9\x87\x91\xe6\xa1\xa5B\xe8\x82\xa1\nSH900911\n\xe8\xa1\x8c\xe4\xb8\x9a\xe6\x9d\xbf\xe5\x9d\x97\n\xe6\x88\xbf\xe5\x9c\xb0\xe4\xba\xa7\n{u\'Code\': u\'SH600463\', u\'PlateName\': u\'\\u884c\\u4e1a\\u677f\\u5757\', u\'Name\': u\'\\u7a7a\\u6e2f\\u80a1\\u4efd\', u\'TypeName\': u\'\\u623f\\u5730\\u4ea7\', u\'SysCode\': u\'DH00451\', u\'Date\': u\'2017-09-27\', u\'TypeZm\': u\'F\'}\n\xe7\xa9\xba\xe6\xb8\xaf\xe8\x82\xa1\xe4\xbb\xbd\nSH600463\n\xe8\xa1\x8c\xe4\xb8\x9a\xe6\x9d\xbf\xe5\x9d\x97\n\xe6\x88\xbf\xe5\x9c\xb0\xe4\xba\xa7\n{u\'Code\': u\'SH900912\', u\'PlateName\': u\'\\u884c\\u4e1a\\u677f\\u5757\', u\'Name\': u\'\\u5916\\u9ad8B\\u80a1\', u\'TypeName\': u\'\\u623f\\u5730\\u4ea7\', u\'SysCode\': u\'DH00451\', u\'Date\': u\'2017-09-27\', u\'TypeZm\': u\'F\'}\n\xe5\xa4\x96\xe9\xab\x98B\xe8\x82\xa1\nSH900912\n\xe8\xa1\x8c\xe4\xb8\x9a\xe6\x9d\xbf\xe5\x9d\x97\n\xe6\x88\xbf\xe5\x9c\xb0\xe4\xba\xa7\n{u\'Code\': u\'SH601155\', u\'PlateName\': u\'\\u884c\\u4e1a\\u677f\\u5757\', u\'Name\': u\'\\u65b0\\u57ce\\u63a7\\u80a1\', u\'TypeName\': u\'\\u623f\\u5730\\u4ea7\', u\'SysCode\': u\'DH00451\', u\'Date\': u\'2017-09-27\', u\'TypeZm\': u\'F\'}\n\xe6\x96\xb0\xe5\x9f\x8e\xe6\x8e\xa7\xe8\x82\xa1\nSH601155\n\xe8\xa1\x8c\xe4\xb8\x9a\xe6\x9d\xbf\xe5\x9d\x97\n\xe6\x88\xbf\xe5\x9c\xb0\xe4\xba\xa7\n{u\'Code\': u\'SH600730\', u\'PlateName\': u\'\\u884c\\u4e1a\\u677f\\u5757\', u\'Name\': u\'\\u4e2d\\u56fd\\u9ad8\\u79d1\', u\'TypeName\': u\'\\u623f\\u5730\\u4ea7\', u\'SysCode\': u\'DH00451\', u\'Date\': u\'2017-09-27\', u\'TypeZm\': u\'F\'}\n\xe4\xb8\xad\xe5\x9b\xbd\xe9\xab\x98\xe7\xa7\x91\nSH600730\n\xe8\xa1\x8c\xe4\xb8\x9a\xe6\x9d\xbf\xe5\x9d\x97\n\xe6\x88\xbf\xe5\x9c\xb0\xe4\xba\xa7\n{u\'Code\': u\'SH600565\', u\'PlateName\': u\'\\u884c\\u4e1a\\u677f\\u5757\', u\'Name\': u\'\\u8fea\\u9a6c\\u80a1\\u4efd\', u\'TypeName\': u\'\\u623f\\u5730\\u4ea7\', u\'SysCode\': u\'DH00451\', u\'Date\': u\'2017-09-27\', u\'TypeZm\': u\'F\'}\n\xe8\xbf\xaa\xe9\xa9\xac\xe8\x82\xa1\xe4\xbb\xbd\nSH600565\n\xe8\xa1\x8c\xe4\xb8\x9a\xe6\x9d\xbf\xe5\x9d\x97\n\xe6\x88\xbf\xe5\x9c\xb0\xe4\xba\xa7\n{u\'Code\': u\'SZ000014\', u\'PlateName\': u\'\\u884c\\u4e1a\\u677f\\u5757\', u\'Name\': u\'\\u6c99\\u6cb3\\u80a1\\u4efd\', u\'TypeName\': u\'\\u623f\\u5730\\u4ea7\', u\'SysCode\': u\'DH00451\', u\'Date\': u\'2017-09-27\', u\'TypeZm\': u\'F\'}\n\xe6\xb2\x99\xe6\xb2\xb3\xe8\x82\xa1\xe4\xbb\xbd\nSZ000014\n\xe8\xa1\x8c\xe4\xb8\x9a\xe6\x9d\xbf\xe5\x9d\x97\n\xe6\x88\xbf\xe5\x9c\xb0\xe4\xba\xa7\n{u\'Code\': u\'SZ000668\', u\'PlateName\': u\'\\u884c\\u4e1a\\u677f\\u5757\', u\'Name\': u\'\\u8363\\u4e30\\u63a7\\u80a1\', u\'TypeName\': u\'\\u623f\\u5730\\u4ea7\', u\'SysCode\': u\'DH00451\', u\'Date\': u\'2017-09-27\', u\'TypeZm\': u\'F\'}\n\xe8\x8d\xa3\xe4\xb8\xb0\xe6\x8e\xa7\xe8\x82\xa1\nSZ000668\n\xe8\xa1\x8c\xe4\xb8\x9a\xe6\x9d\xbf\xe5\x9d\x97\n\xe6\x88\xbf\xe5\x9c\xb0\xe4\xba\xa7\n{u\'Code\': u\'SZ000502\', u\'PlateName\': u\'\\u884c\\u4e1a\\u677f\\u5757\', u\'Name\': u\'\\u7eff\\u666f\\u63a7\\u80a1\', u\'TypeName\': u\'\\u623f\\u5730\\u4ea7\', u\'SysCode\': u\'DH00451\', u\'Date\': u\'2017-09-27\', u\'TypeZm\': u\'F\'}\n\xe7\xbb\xbf\xe6\x99\xaf\xe6\x8e\xa7\xe8\x82\xa1\nSZ000502\n\xe8\xa1\x8c\xe4\xb8\x9a\xe6\x9d\xbf\xe5\x9d\x97\n\xe6\x88\xbf\xe5\x9c\xb0\xe4\xba\xa7\n{u\'Code\': u\'SH600533\', u\'PlateName\': u\'\\u884c\\u4e1a\\u677f\\u5757\', u\'Name\': u\'\\u6816\\u971e\\u5efa\\u8bbe\', u\'TypeName\': u\'\\u623f\\u5730\\u4ea7\', u\'SysCode\': u\'DH00451\', u\'Date\': u\'2017-09-27\', u\'TypeZm\': u\'F\'}\n\xe6\xa0\x96\xe9\x9c\x9e\xe5\xbb\xba\xe8\xae\xbe\nSH600533\n\xe8\xa1\x8c\xe4\xb8\x9a\xe6\x9d\xbf\xe5\x9d\x97\n\xe6\x88\xbf\xe5\x9c\xb0\xe4\xba\xa7\n{u\'Code\': u\'SZ002077\', u\'PlateName\': u\'\\u884c\\u4e1a\\u677f\\u5757\', u\'Name\': u\'\\u5927\\u6e2f\\u80a1\\u4efd\', u\'TypeName\': u\'\\u623f\\u5730\\u4ea7\', u\'SysCode\': u\'DH00451\', u\'Date\': u\'2017-09-27\', u\'TypeZm\': u\'F\'}\n\xe5\xa4\xa7\xe6\xb8\xaf\xe8\x82\xa1\xe4\xbb\xbd\nSZ002077\n\xe8\xa1\x8c\xe4\xb8\x9a\xe6\x9d\xbf\xe5\x9d\x97\n\xe6\x88\xbf\xe5\x9c\xb0\xe4\xba\xa7\n{u\'Code\': u\'SH600173\', u\'PlateName\': u\'\\u884c\\u4e1a\\u677f\\u5757\', u\'Name\': u\'\\u5367\\u9f99\\u5730\\u4ea7\', u\'TypeName\': u\'\\u623f\\u5730\\u4ea7\', u\'SysCode\': u\'DH00451\', u\'Date\': u\'2017-09-27\', u\'TypeZm\': u\'F\'}\n\xe5\x8d\xa7\xe9\xbe\x99\xe5\x9c\xb0\xe4\xba\xa7\nSH600173\n\xe8\xa1\x8c\xe4\xb8\x9a\xe6\x9d\xbf\xe5\x9d\x97\n\xe6\x88\xbf\xe5\x9c\xb0\xe4\xba\xa7\n{u\'Code\': u\'SZ000002\', u\'PlateName\': u\'\\u884c\\u4e1a\\u677f\\u5757\', u\'Name\': u\'\\u4e07\\u79d1A\', u\'TypeName\': u\'\\u623f\\u5730\\u4ea7\', u\'SysCode\': u\'DH00451\', u\'Date\': u\'2017-09-27\', u\'TypeZm\': u\'F\'}\n\xe4\xb8\x87\xe7\xa7\x91A\nSZ000002\n\xe8\xa1\x8c\xe4\xb8\x9a\xe6\x9d\xbf\xe5\x9d\x97\n\xe6\x88\xbf\xe5\x9c\xb0\xe4\xba\xa7\n{u\'Code\': u\'SZ000863\', u\'PlateName\': u\'\\u884c\\u4e1a\\u677f\\u5757\', u\'Name\': u\'\\u4e09\\u6e58\\u5370\\u8c61\', u\'TypeName\': u\'\\u623f\\u5730\\u4ea7\', u\'SysCode\': u\'DH00451\', u\'Date\': u\'2017-09-27\', u\'TypeZm\': u\'F\'}\n\xe4\xb8\x89\xe6\xb9\x98\xe5\x8d\xb0\xe8\xb1\xa1\nSZ000863\n\xe8\xa1\x8c\xe4\xb8\x9a\xe6\x9d\xbf\xe5\x9d\x97\n\xe6\x88\xbf\xe5\x9c\xb0\xe4\xba\xa7\n{u\'Code\': u\'SH900932\', u\'PlateName\': u\'\\u884c\\u4e1a\\u677f\\u5757\', u\'Name\': u\'\\u9646\\u5bb6B\\u80a1\', u\'TypeName\': u\'\\u623f\\u5730\\u4ea7\', u\'SysCode\': u\'DH00451\', u\'Date\': u\'2017-09-27\', u\'TypeZm\': u\'F\'}\n\xe9\x99\x86\xe5\xae\xb6B\xe8\x82\xa1\nSH900932\n\xe8\xa1\x8c\xe4\xb8\x9a\xe6\x9d\xbf\xe5\x9d\x97\n\xe6\x88\xbf\xe5\x9c\xb0\xe4\xba\xa7\n{u\'Code\': u\'SZ000056\', u\'PlateName\': u\'\\u884c\\u4e1a\\u677f\\u5757\', u\'Name\': u\'\\u7687\\u5ead\\u56fd\\u9645\', u\'TypeName\': u\'\\u623f\\u5730\\u4ea7\', u\'SysCode\': u\'DH00451\', u\'Date\': u\'2017-09-27\', u\'TypeZm\': u\'F\'}\n\xe7\x9a\x87\xe5\xba\xad\xe5\x9b\xbd\xe9\x99\x85\nSZ000056\n\xe8\xa1\x8c\xe4\xb8\x9a\xe6\x9d\xbf\xe5\x9d\x97\n\xe6\x88\xbf\xe5\x9c\xb0\xe4\xba\xa7\n{u\'Code\': u\'SH600113\', u\'PlateName\': u\'\\u884c\\u4e1a\\u677f\\u5757\', u\'Name\': u\'\\u6d59\\u6c5f\\u4e1c\\u65e5\', u\'TypeName\': u\'\\u623f\\u5730\\u4ea7\', u\'SysCode\': u\'DH00451\', u\'Date\': u\'2017-09-27\', u\'TypeZm\': u\'F\'}\n\xe6\xb5\x99\xe6\xb1\x9f\xe4\xb8\x9c\xe6\x97\xa5\nSH600113\n\xe8\xa1\x8c\xe4\xb8\x9a\xe6\x9d\xbf\xe5\x9d\x97\n\xe6\x88\xbf\xe5\x9c\xb0\xe4\xba\xa7\n{u\'Code\': u\'SZ000042\', u\'PlateName\': u\'\\u884c\\u4e1a\\u677f\\u5757\', u\'Name\': u\'\\u4e2d\\u6d32\\u63a7\\u80a1\', u\'TypeName\': u\'\\u623f\\u5730\\u4ea7\', u\'SysCode\': u\'DH00451\', u\'Date\': u\'2017-09-27\', u\'TypeZm\': u\'F\'}\n\xe4\xb8\xad\xe6\xb4\xb2\xe6\x8e\xa7\xe8\x82\xa1\nSZ000042\n\xe8\xa1\x8c\xe4\xb8\x9a\xe6\x9d\xbf\xe5\x9d\x97\n\xe6\x88\xbf\xe5\x9c\xb0\xe4\xba\xa7\n{u\'Code\': u\'SH600696\', u\'PlateName\': u\'\\u884c\\u4e1a\\u677f\\u5757\', u\'Name\': u\'*ST\\u5339\\u51f8\', u\'TypeName\': u\'\\u623f\\u5730\\u4ea7\', u\'SysCode\': u\'DH00451\', u\'Date\': u\'2017-09-27\', u\'TypeZm\': u\'F\'}\n*ST\xe5\x8c\xb9\xe5\x87\xb8\nSH600696\n\xe8\xa1\x8c\xe4\xb8\x9a\xe6\x9d\xbf\xe5\x9d\x97\n\xe6\x88\xbf\xe5\x9c\xb0\xe4\xba\xa7\n{u\'Code\': u\'SH600748\', u\'PlateName\': u\'\\u884c\\u4e1a\\u677f\\u5757\', u\'Name\': u\'\\u4e0a\\u5b9e\\u53d1\\u5c55\', u\'TypeName\': u\'\\u623f\\u5730\\u4ea7\', u\'SysCode\': u\'DH00451\', u\'Date\': u\'2017-09-27\', u\'TypeZm\': u\'F\'}\n\xe4\xb8\x8a\xe5\xae\x9e\xe5\x8f\x91\xe5\xb1\x95\nSH600748\n\xe8\xa1\x8c\xe4\xb8\x9a\xe6\x9d\xbf\xe5\x9d\x97\n\xe6\x88\xbf\xe5\x9c\xb0\xe4\xba\xa7\n{u\'Code\': u\'SH600606\', u\'PlateName\': u\'\\u884c\\u4e1a\\u677f\\u5757\', u\'Name\': u\'\\u7eff\\u5730\\u63a7\\u80a1\', u\'TypeName\': u\'\\u623f\\u5730\\u4ea7\', u\'SysCode\': u\'DH00451\', u\'Date\': u\'2017-09-27\', u\'TypeZm\': u\'F\'}\n\xe7\xbb\xbf\xe5\x9c\xb0\xe6\x8e\xa7\xe8\x82\xa1\nSH600606\n\xe8\xa1\x8c\xe4\xb8\x9a\xe6\x9d\xbf\xe5\x9d\x97\n\xe6\x88\xbf\xe5\x9c\xb0\xe4\xba\xa7\n{u\'Code\': u\'SH600064\', u\'PlateName\': u\'\\u884c\\u4e1a\\u677f\\u5757\', u\'Name\': u\'\\u5357\\u4eac\\u9ad8\\u79d1\', u\'TypeName\': u\'\\u623f\\u5730\\u4ea7\', u\'SysCode\': u\'DH00451\', u\'Date\': u\'2017-09-27\', u\'TypeZm\': u\'F\'}\n\xe5\x8d\x97\xe4\xba\xac\xe9\xab\x98\xe7\xa7\x91\nSH600064\n\xe8\xa1\x8c\xe4\xb8\x9a\xe6\x9d\xbf\xe5\x9d\x97\n\xe6\x88\xbf\xe5\x9c\xb0\xe4\xba\xa7\n{u\'Code\': u\'SZ000514\', u\'PlateName\': u\'\\u884c\\u4e1a\\u677f\\u5757\', u\'Name\': u\'\\u6e1d\\u5f00\\u53d1\', u\'TypeName\': u\'\\u623f\\u5730\\u4ea7\', u\'SysCode\': u\'DH00451\', u\'Date\': u\'2017-09-27\', u\'TypeZm\': u\'F\'}\n\xe6\xb8\x9d\xe5\xbc\x80\xe5\x8f\x91\nSZ000514\n\xe8\xa1\x8c\xe4\xb8\x9a\xe6\x9d\xbf\xe5\x9d\x97\n\xe6\x88\xbf\xe5\x9c\xb0\xe4\xba\xa7\n{u\'Code\': u\'SZ000036\', u\'PlateName\': u\'\\u884c\\u4e1a\\u677f\\u5757\', u\'Name\': u\'\\u534e\\u8054\\u63a7\\u80a1\', u\'TypeName\': u\'\\u623f\\u5730\\u4ea7\', u\'SysCode\': u\'DH00451\', u\'Date\': u\'2017-09-27\', u\'TypeZm\': u\'F\'}\n\xe5\x8d\x8e\xe8\x81\x94\xe6\x8e\xa7\xe8\x82\xa1\nSZ000036\n\xe8\xa1\x8c\xe4\xb8\x9a\xe6\x9d\xbf\xe5\x9d\x97\n\xe6\x88\xbf\xe5\x9c\xb0\xe4\xba\xa7\n{u\'Code\': u\'SZ000043\', u\'PlateName\': u\'\\u884c\\u4e1a\\u677f\\u5757\', u\'Name\': u\'\\u4e2d\\u822a\\u5730\\u4ea7\', u\'TypeName\': u\'\\u623f\\u5730\\u4ea7\', u\'SysCode\': u\'DH00451\', u\'Date\': u\'2017-09-27\', u\'TypeZm\': u\'F\'}\n\xe4\xb8\xad\xe8\x88\xaa\xe5\x9c\xb0\xe4\xba\xa7\nSZ000043\n\xe8\xa1\x8c\xe4\xb8\x9a\xe6\x9d\xbf\xe5\x9d\x97\n\xe6\x88\xbf\xe5\x9c\xb0\xe4\xba\xa7\n{u\'Code\': u\'SH600383\', u\'PlateName\': u\'\\u884c\\u4e1a\\u677f\\u5757\', u\'Name\': u\'\\u91d1\\u5730\\u96c6\\u56e2\', u\'TypeName\': u\'\\u623f\\u5730\\u4ea7\', u\'SysCode\': u\'DH00451\', u\'Date\': u\'2017-09-27\', u\'TypeZm\': u\'F\'}\n\xe9\x87\x91\xe5\x9c\xb0\xe9\x9b\x86\xe5\x9b\xa2\nSH600383\n\xe8\xa1\x8c\xe4\xb8\x9a\xe6\x9d\xbf\xe5\x9d\x97\n\xe6\x88\xbf\xe5\x9c\xb0\xe4\xba\xa7\n{u\'Code\': u\'SZ002147\', u\'PlateName\': u\'\\u884c\\u4e1a\\u677f\\u5757\', u\'Name\': u\'\\u65b0\\u5149\\u5706\\u6210\', u\'TypeName\': u\'\\u623f\\u5730\\u4ea7\', u\'SysCode\': u\'DH00451\', u\'Date\': u\'2017-09-27\', u\'TypeZm\': u\'F\'}\n\xe6\x96\xb0\xe5\x85\x89\xe5\x9c\x86\xe6\x88\x90\nSZ002147\n\xe8\xa1\x8c\xe4\xb8\x9a\xe6\x9d\xbf\xe5\x9d\x97\n\xe6\x88\xbf\xe5\x9c\xb0\xe4\xba\xa7\n{u\'Code\': u\'SZ000558\', u\'PlateName\': u\'\\u884c\\u4e1a\\u677f\\u5757\', u\'Name\': u\'\\u83b1\\u8335\\u4f53\\u80b2\', u\'TypeName\': u\'\\u623f\\u5730\\u4ea7\', u\'SysCode\': u\'DH00451\', u\'Date\': u\'2017-09-27\', u\'TypeZm\': u\'F\'}\n\xe8\x8e\xb1\xe8\x8c\xb5\xe4\xbd\x93\xe8\x82\xb2\nSZ000558\n\xe8\xa1\x8c\xe4\xb8\x9a\xe6\x9d\xbf\xe5\x9d\x97\n\xe6\x88\xbf\xe5\x9c\xb0\xe4\xba\xa7\n{u\'Code\': u\'SZ000861\', u\'PlateName\': u\'\\u884c\\u4e1a\\u677f\\u5757\', u\'Name\': u\'\\u6d77\\u5370\\u80a1\\u4efd\', u\'TypeName\': u\'\\u623f\\u5730\\u4ea7\', u\'SysCode\': u\'DH00451\', u\'Date\': u\'2017-09-27\', u\'TypeZm\': u\'F\'}\n\xe6\xb5\xb7\xe5\x8d\xb0\xe8\x82\xa1\xe4\xbb\xbd\nSZ000861\n\xe8\xa1\x8c\xe4\xb8\x9a\xe6\x9d\xbf\xe5\x9d\x97\n\xe6\x88\xbf\xe5\x9c\xb0\xe4\xba\xa7\n{u\'Code\': u\'SH600708\', u\'PlateName\': u\'\\u884c\\u4e1a\\u677f\\u5757\', u\'Name\': u\'\\u5149\\u660e\\u5730\\u4ea7\', u\'TypeName\': u\'\\u623f\\u5730\\u4ea7\', u\'SysCode\': u\'DH00451\', u\'Date\': u\'2017-09-27\', u\'TypeZm\': u\'F\'}\n\xe5\x85\x89\xe6\x98\x8e\xe5\x9c\xb0\xe4\xba\xa7\nSH600708\n\xe8\xa1\x8c\xe4\xb8\x9a\xe6\x9d\xbf\xe5\x9d\x97\n\xe6\x88\xbf\xe5\x9c\xb0\xe4\xba\xa7\n{u\'Code\': u\'SZ000631\', u\'PlateName\': u\'\\u884c\\u4e1a\\u677f\\u5757\', u\'Name\': u\'\\u987a\\u53d1\\u6052\\u4e1a\', u\'TypeName\': u\'\\u623f\\u5730\\u4ea7\', u\'SysCode\': u\'DH00451\', u\'Date\': u\'2017-09-27\', u\'TypeZm\': u\'F\'}\n\xe9\xa1\xba\xe5\x8f\x91\xe6\x81\x92\xe4\xb8\x9a\nSZ000631\n\xe8\xa1\x8c\xe4\xb8\x9a\xe6\x9d\xbf\xe5\x9d\x97\n\xe6\x88\xbf\xe5\x9c\xb0\xe4\xba\xa7\n{u\'Code\': u\'SH600675\', u\'PlateName\': u\'\\u884c\\u4e1a\\u677f\\u5757\', u\'Name\': u\'\\u4e2d\\u534e\\u4f01\\u4e1a\', u\'TypeName\': u\'\\u623f\\u5730\\u4ea7\', u\'SysCode\': u\'DH00451\', u\'Date\': u\'2017-09-27\', u\'TypeZm\': u\'F\'}\n\xe4\xb8\xad\xe5\x8d\x8e\xe4\xbc\x81\xe4\xb8\x9a\nSH600675\n\xe8\xa1\x8c\xe4\xb8\x9a\xe6\x9d\xbf\xe5\x9d\x97\n\xe6\x88\xbf\xe5\x9c\xb0\xe4\xba\xa7\n{u\'Code\': u\'SH600162\', u\'PlateName\': u\'\\u884c\\u4e1a\\u677f\\u5757\', u\'Name\': u\'\\u9999\\u6c5f\\u63a7\\u80a1\', u\'TypeName\': u\'\\u623f\\u5730\\u4ea7\', u\'SysCode\': u\'DH00451\', u\'Date\': u\'2017-09-27\', u\'TypeZm\': u\'F\'}\n\xe9\xa6\x99\xe6\xb1\x9f\xe6\x8e\xa7\xe8\x82\xa1\nSH600162\n\xe8\xa1\x8c\xe4\xb8\x9a\xe6\x9d\xbf\xe5\x9d\x97\n\xe6\x88\xbf\xe5\x9c\xb0\xe4\xba\xa7\n{u\'Code\': u\'SH600177\', u\'PlateName\': u\'\\u884c\\u4e1a\\u677f\\u5757\', u\'Name\': u\'\\u96c5\\u6208\\u5c14\', u\'TypeName\': u\'\\u623f\\u5730\\u4ea7\', u\'SysCode\': u\'DH00451\', u\'Date\': u\'2017-09-27\', u\'TypeZm\': u\'F\'}\n\xe9\x9b\x85\xe6\x88\x88\xe5\xb0\x94\nSH600177\n\xe8\xa1\x8c\xe4\xb8\x9a\xe6\x9d\xbf\xe5\x9d\x97\n\xe6\x88\xbf\xe5\x9c\xb0\xe4\xba\xa7\n{u\'Code\': u\'SH600223\', u\'PlateName\': u\'\\u884c\\u4e1a\\u677f\\u5757\', u\'Name\': u\'\\u9c81\\u5546\\u7f6e\\u4e1a\', u\'TypeName\': u\'\\u623f\\u5730\\u4ea7\', u\'SysCode\': u\'DH00451\', u\'Date\': u\'2017-09-27\', u\'TypeZm\': u\'F\'}\n\xe9\xb2\x81\xe5\x95\x86\xe7\xbd\xae\xe4\xb8\x9a\nSH600223\n\xe8\xa1\x8c\xe4\xb8\x9a\xe6\x9d\xbf\xe5\x9d\x97\n\xe6\x88\xbf\xe5\x9c\xb0\xe4\xba\xa7\n{u\'Code\': u\'SZ001979\', u\'PlateName\': u\'\\u884c\\u4e1a\\u677f\\u5757\', u\'Name\': u\'\\u62db\\u5546\\u86c7\\u53e3\', u\'TypeName\': u\'\\u623f\\u5730\\u4ea7\', u\'SysCode\': u\'DH00451\', u\'Date\': u\'2017-09-27\', u\'TypeZm\': u\'F\'}\n\xe6\x8b\x9b\xe5\x95\x86\xe8\x9b\x87\xe5\x8f\xa3\nSZ001979\n\xe8\xa1\x8c\xe4\xb8\x9a\xe6\x9d\xbf\xe5\x9d\x97\n\xe6\x88\xbf\xe5\x9c\xb0\xe4\xba\xa7\n{u\'Code\': u\'SH600658\', u\'PlateName\': u\'\\u884c\\u4e1a\\u677f\\u5757\', u\'Name\': u\'\\u7535\\u5b50\\u57ce\', u\'TypeName\': u\'\\u623f\\u5730\\u4ea7\', u\'SysCode\': u\'DH00451\', u\'Date\': u\'2017-09-27\', u\'TypeZm\': u\'F\'}\n\xe7\x94\xb5\xe5\xad\x90\xe5\x9f\x8e\nSH600658\n\xe8\xa1\x8c\xe4\xb8\x9a\xe6\x9d\xbf\xe5\x9d\x97\n\xe6\x88\xbf\xe5\x9c\xb0\xe4\xba\xa7\n{u\'Code\': u\'SH600649\', u\'PlateName\': u\'\\u884c\\u4e1a\\u677f\\u5757\', u\'Name\': u\'\\u57ce\\u6295\\u63a7\\u80a1\', u\'TypeName\': u\'\\u623f\\u5730\\u4ea7\', u\'SysCode\': u\'DH00451\', u\'Date\': u\'2017-09-27\', u\'TypeZm\': u\'F\'}\n\xe5\x9f\x8e\xe6\x8a\x95\xe6\x8e\xa7\xe8\x82\xa1\nSH600649\n\xe8\xa1\x8c\xe4\xb8\x9a\xe6\x9d\xbf\xe5\x9d\x97\n\xe6\x88\xbf\xe5\x9c\xb0\xe4\xba\xa7\n{u\'Code\': u\'SH600094\', u\'PlateName\': u\'\\u884c\\u4e1a\\u677f\\u5757\', u\'Name\': u\'\\u5927\\u540d\\u57ce\', u\'TypeName\': u\'\\u623f\\u5730\\u4ea7\', u\'SysCode\': u\'DH00451\', u\'Date\': u\'2017-09-27\', u\'TypeZm\': u\'F\'}\n\xe5\xa4\xa7\xe5\x90\x8d\xe5\x9f\x8e\nSH600094\n\xe8\xa1\x8c\xe4\xb8\x9a\xe6\x9d\xbf\xe5\x9d\x97\n\xe6\x88\xbf\xe5\x9c\xb0\xe4\xba\xa7\n{u\'Code\': u\'SZ002314\', u\'PlateName\': u\'\\u884c\\u4e1a\\u677f\\u5757\', u\'Name\': u\'\\u5357\\u5c71\\u63a7\\u80a1\', u\'TypeName\': u\'\\u623f\\u5730\\u4ea7\', u\'SysCode\': u\'DH00451\', u\'Date\': u\'2017-09-27\', u\'TypeZm\': u\'F\'}\n\xe5\x8d\x97\xe5\xb1\xb1\xe6\x8e\xa7\xe8\x82\xa1\nSZ002314\n\xe8\xa1\x8c\xe4\xb8\x9a\xe6\x9d\xbf\xe5\x9d\x97\n\xe6\x88\xbf\xe5\x9c\xb0\xe4\xba\xa7\n{u\'Code\': u\'SZ000718\', u\'PlateName\': u\'\\u884c\\u4e1a\\u677f\\u5757\', u\'Name\': u\'\\u82cf\\u5b81\\u73af\\u7403\', u\'TypeName\': u\'\\u623f\\u5730\\u4ea7\', u\'SysCode\': u\'DH00451\', u\'Date\': u\'2017-09-27\', u\'TypeZm\': u\'F\'}\n\xe8\x8b\x8f\xe5\xae\x81\xe7\x8e\xaf\xe7\x90\x83\nSZ000718\n\xe8\xa1\x8c\xe4\xb8\x9a\xe6\x9d\xbf\xe5\x9d\x97\n\xe6\x88\xbf\xe5\x9c\xb0\xe4\xba\xa7\n{u\'Code\': u\'SZ200056\', u\'PlateName\': u\'\\u884c\\u4e1a\\u677f\\u5757\', u\'Name\': u\'\\u7687\\u5eadB\', u\'TypeName\': u\'\\u623f\\u5730\\u4ea7\', u\'SysCode\': u\'DH00451\', u\'Date\': u\'2017-09-27\', u\'TypeZm\': u\'F\'}\n\xe7\x9a\x87\xe5\xba\xadB\nSZ200056\n\xe8\xa1\x8c\xe4\xb8\x9a\xe6\x9d\xbf\xe5\x9d\x97\n\xe6\x88\xbf\xe5\x9c\xb0\xe4\xba\xa7\n{u\'Code\': u\'SZ000616\', u\'PlateName\': u\'\\u884c\\u4e1a\\u677f\\u5757\', u\'Name\': u\'\\u6d77\\u822a\\u6295\\u8d44\', u\'TypeName\': u\'\\u623f\\u5730\\u4ea7\', u\'SysCode\': u\'DH00451\', u\'Date\': u\'2017-09-27\', u\'TypeZm\': u\'F\'}\n\xe6\xb5\xb7\xe8\x88\xaa\xe6\x8a\x95\xe8\xb5\x84\nSZ000616\n\xe8\xa1\x8c\xe4\xb8\x9a\xe6\x9d\xbf\xe5\x9d\x97\n\xe6\x88\xbf\xe5\x9c\xb0\xe4\xba\xa7\n{u\'Code\': u\'SH600077\', u\'PlateName\': u\'\\u884c\\u4e1a\\u677f\\u5757\', u\'Name\': u\'\\u5b8b\\u90fd\\u80a1\\u4efd\', u\'TypeName\': u\'\\u623f\\u5730\\u4ea7\', u\'SysCode\': u\'DH00451\', u\'Date\': u\'2017-09-27\', u\'TypeZm\': u\'F\'}\n\xe5\xae\x8b\xe9\x83\xbd\xe8\x82\xa1\xe4\xbb\xbd\nSH600077\n\xe8\xa1\x8c\xe4\xb8\x9a\xe6\x9d\xbf\xe5\x9d\x97\n\xe6\x88\xbf\xe5\x9c\xb0\xe4\xba\xa7\n{u\'Code\': u\'SH600639\', u\'PlateName\': u\'\\u884c\\u4e1a\\u677f\\u5757\', u\'Name\': u\'\\u6d66\\u4e1c\\u91d1\\u6865\', u\'TypeName\': u\'\\u623f\\u5730\\u4ea7\', u\'SysCode\': u\'DH00451\', u\'Date\': u\'2017-09-27\', u\'TypeZm\': u\'F\'}\n\xe6\xb5\xa6\xe4\xb8\x9c\xe9\x87\x91\xe6\xa1\xa5\nSH600639\n\xe8\xa1\x8c\xe4\xb8\x9a\xe6\x9d\xbf\xe5\x9d\x97\n\xe6\x88\xbf\xe5\x9c\xb0\xe4\xba\xa7\n{u\'Code\': u\'SH600393\', u\'PlateName\': u\'\\u884c\\u4e1a\\u677f\\u5757\', u\'Name\': u\'\\u7ca4\\u6cf0\\u80a1\\u4efd\', u\'TypeName\': u\'\\u623f\\u5730\\u4ea7\', u\'SysCode\': u\'DH00451\', u\'Date\': u\'2017-09-27\', u\'TypeZm\': u\'F\'}\n\xe7\xb2\xa4\xe6\xb3\xb0\xe8\x82\xa1\xe4\xbb\xbd\nSH600393\n\xe8\xa1\x8c\xe4\xb8\x9a\xe6\x9d\xbf\xe5\x9d\x97\n\xe6\x88\xbf\xe5\x9c\xb0\xe4\xba\xa7\n{u\'Code\': u\'SZ000961\', u\'PlateName\': u\'\\u884c\\u4e1a\\u677f\\u5757\', u\'Name\': u\'\\u4e2d\\u5357\\u5efa\\u8bbe\', u\'TypeName\': u\'\\u623f\\u5730\\u4ea7\', u\'SysCode\': u\'DH00451\', u\'Date\': u\'2017-09-27\', u\'TypeZm\': u\'F\'}\n\xe4\xb8\xad\xe5\x8d\x97\xe5\xbb\xba\xe8\xae\xbe\nSZ000961\n\xe8\xa1\x8c\xe4\xb8\x9a\xe6\x9d\xbf\xe5\x9d\x97\n\xe6\x88\xbf\xe5\x9c\xb0\xe4\xba\xa7\n{u\'Code\': u\'SH601588\', u\'PlateName\': u\'\\u884c\\u4e1a\\u677f\\u5757\', u\'Name\': u\'\\u5317\\u8fb0\\u5b9e\\u4e1a\', u\'TypeName\': u\'\\u623f\\u5730\\u4ea7\', u\'SysCode\': u\'DH00451\', u\'Date\': u\'2017-09-27\', u\'TypeZm\': u\'F\'}\n\xe5\x8c\x97\xe8\xbe\xb0\xe5\xae\x9e\xe4\xb8\x9a\nSH601588\n\xe8\xa1\x8c\xe4\xb8\x9a\xe6\x9d\xbf\xe5\x9d\x97\n\xe6\x88\xbf\xe5\x9c\xb0\xe4\xba\xa7\n{u\'Code\': u\'SH600340\', u\'PlateName\': u\'\\u884c\\u4e1a\\u677f\\u5757\', u\'Name\': u\'\\u534e\\u590f\\u5e78\\u798f\', u\'TypeName\': u\'\\u623f\\u5730\\u4ea7\', u\'SysCode\': u\'DH00451\', u\'Date\': u\'2017-09-27\', u\'TypeZm\': u\'F\'}\n\xe5\x8d\x8e\xe5\xa4\x8f\xe5\xb9\xb8\xe7\xa6\x8f\nSH600340\n\xe8\xa1\x8c\xe4\xb8\x9a\xe6\x9d\xbf\xe5\x9d\x97\n\xe6\x88\xbf\xe5\x9c\xb0\xe4\xba\xa7\n{u\'Code\': u\'SH600807\', u\'PlateName\': u\'\\u884c\\u4e1a\\u677f\\u5757\', u\'Name\': u\'\\u5929\\u4e1a\\u80a1\\u4efd\', u\'TypeName\': u\'\\u623f\\u5730\\u4ea7\', u\'SysCode\': u\'DH00451\', u\'Date\': u\'2017-09-27\', u\'TypeZm\': u\'F\'}\n\xe5\xa4\xa9\xe4\xb8\x9a\xe8\x82\xa1\xe4\xbb\xbd\nSH600807\n\xe8\xa1\x8c\xe4\xb8\x9a\xe6\x9d\xbf\xe5\x9d\x97\n\xe6\x88\xbf\xe5\x9c\xb0\xe4\xba\xa7\n{u\'Code\': u\'SH600648\', u\'PlateName\': u\'\\u884c\\u4e1a\\u677f\\u5757\', u\'Name\': u\'\\u5916\\u9ad8\\u6865\', u\'TypeName\': u\'\\u623f\\u5730\\u4ea7\', u\'SysCode\': u\'DH00451\', u\'Date\': u\'2017-09-27\', u\'TypeZm\': u\'F\'}\n\xe5\xa4\x96\xe9\xab\x98\xe6\xa1\xa5\nSH600648\n\xe8\xa1\x8c\xe4\xb8\x9a\xe6\x9d\xbf\xe5\x9d\x97\n\xe6\x88\xbf\xe5\x9c\xb0\xe4\xba\xa7\n{u\'Code\': u\'SZ000656\', u\'PlateName\': u\'\\u884c\\u4e1a\\u677f\\u5757\', u\'Name\': u\'\\u91d1\\u79d1\\u80a1\\u4efd\', u\'TypeName\': u\'\\u623f\\u5730\\u4ea7\', u\'SysCode\': u\'DH00451\', u\'Date\': u\'2017-09-27\', u\'TypeZm\': u\'F\'}\n\xe9\x87\x91\xe7\xa7\x91\xe8\x82\xa1\xe4\xbb\xbd\nSZ000656\n\xe8\xa1\x8c\xe4\xb8\x9a\xe6\x9d\xbf\xe5\x9d\x97\n\xe6\x88\xbf\xe5\x9c\xb0\xe4\xba\xa7\n{u\'Code\': u\'SH600895\', u\'PlateName\': u\'\\u884c\\u4e1a\\u677f\\u5757\', u\'Name\': u\'\\u5f20\\u6c5f\\u9ad8\\u79d1\', u\'TypeName\': u\'\\u623f\\u5730\\u4ea7\', u\'SysCode\': u\'DH00451\', u\'Date\': u\'2017-09-27\', u\'TypeZm\': u\'F\'}\n\xe5\xbc\xa0\xe6\xb1\x9f\xe9\xab\x98\xe7\xa7\x91\nSH600895\n\xe8\xa1\x8c\xe4\xb8\x9a\xe6\x9d\xbf\xe5\x9d\x97\n\xe6\x88\xbf\xe5\x9c\xb0\xe4\xba\xa7\n{u\'Code\': u\'SZ000981\', u\'PlateName\': u\'\\u884c\\u4e1a\\u677f\\u5757\', u\'Name\': u\'\\u94f6\\u4ebf\\u80a1\\u4efd\', u\'TypeName\': u\'\\u623f\\u5730\\u4ea7\', u\'SysCode\': u\'DH00451\', u\'Date\': u\'2017-09-27\', u\'TypeZm\': u\'F\'}\n\xe9\x93\xb6\xe4\xba\xbf\xe8\x82\xa1\xe4\xbb\xbd\nSZ000981\n\xe8\xa1\x8c\xe4\xb8\x9a\xe6\x9d\xbf\xe5\x9d\x97\n\xe6\x88\xbf\xe5\x9c\xb0\xe4\xba\xa7\n{u\'Code\': u\'SH600208\', u\'PlateName\': u\'\\u884c\\u4e1a\\u677f\\u5757\', u\'Name\': u\'\\u65b0\\u6e56\\u4e2d\\u5b9d\', u\'TypeName\': u\'\\u623f\\u5730\\u4ea7\', u\'SysCode\': u\'DH00451\', u\'Date\': u\'2017-09-27\', u\'TypeZm\': u\'F\'}\n\xe6\x96\xb0\xe6\xb9\x96\xe4\xb8\xad\xe5\xae\x9d\nSH600208\n\xe8\xa1\x8c\xe4\xb8\x9a\xe6\x9d\xbf\xe5\x9d\x97\n\xe6\x88\xbf\xe5\x9c\xb0\xe4\xba\xa7\n{u\'Code\': u\'SZ000809\', u\'PlateName\': u\'\\u884c\\u4e1a\\u677f\\u5757\', u\'Name\': u\'*ST\\u65b0\\u57ce\', u\'TypeName\': u\'\\u623f\\u5730\\u4ea7\', u\'SysCode\': u\'DH00451\', u\'Date\': u\'2017-09-27\', u\'TypeZm\': u\'F\'}\n*ST\xe6\x96\xb0\xe5\x9f\x8e\nSZ000809\n\xe8\xa1\x8c\xe4\xb8\x9a\xe6\x9d\xbf\xe5\x9d\x97\n\xe6\x88\xbf\xe5\x9c\xb0\xe4\xba\xa7\n{u\'Code\': u\'SZ000926\', u\'PlateName\': u\'\\u884c\\u4e1a\\u677f\\u5757\', u\'Name\': u\'\\u798f\\u661f\\u80a1\\u4efd\', u\'TypeName\': u\'\\u623f\\u5730\\u4ea7\', u\'SysCode\': u\'DH00451\', u\'Date\': u\'2017-09-27\', u\'TypeZm\': u\'F\'}\n\xe7\xa6\x8f\xe6\x98\x9f\xe8\x82\xa1\xe4\xbb\xbd\nSZ000926\n\xe8\xa1\x8c\xe4\xb8\x9a\xe6\x9d\xbf\xe5\x9d\x97\n\xe6\x88\xbf\xe5\x9c\xb0\xe4\xba\xa7\n{u\'Code\': u\'SH600773\', u\'PlateName\': u\'\\u884c\\u4e1a\\u677f\\u5757\', u\'Name\': u\'\\u897f\\u85cf\\u57ce\\u6295\', u\'TypeName\': u\'\\u623f\\u5730\\u4ea7\', u\'SysCode\': u\'DH00451\', u\'Date\': u\'2017-09-27\', u\'TypeZm\': u\'F\'}\n\xe8\xa5\xbf\xe8\x97\x8f\xe5\x9f\x8e\xe6\x8a\x95\nSH600773\n\xe8\xa1\x8c\xe4\xb8\x9a\xe6\x9d\xbf\xe5\x9d\x97\n\xe6\x88\xbf\xe5\x9c\xb0\xe4\xba\xa7\n{u\'Code\': u\'SZ000691\', u\'PlateName\': u\'\\u884c\\u4e1a\\u677f\\u5757\', u\'Name\': u\'ST\\u4e9a\\u592a\', u\'TypeName\': u\'\\u623f\\u5730\\u4ea7\', u\'SysCode\': u\'DH00451\', u\'Date\': u\'2017-09-27\', u\'TypeZm\': u\'F\'}\nST\xe4\xba\x9a\xe5\xa4\xaa\nSZ000691\n\xe8\xa1\x8c\xe4\xb8\x9a\xe6\x9d\xbf\xe5\x9d\x97\n\xe6\x88\xbf\xe5\x9c\xb0\xe4\xba\xa7\n{u\'Code\': u\'SH600275\', u\'PlateName\': u\'\\u884c\\u4e1a\\u677f\\u5757\', u\'Name\': u\'*ST\\u660c\\u9c7c\', u\'TypeName\': u\'\\u623f\\u5730\\u4ea7\', u\'SysCode\': u\'DH00451\', u\'Date\': u\'2017-09-27\', u\'TypeZm\': u\'F\'}\n*ST\xe6\x98\x8c\xe9\xb1\xbc\nSH600275\n\xe8\xa1\x8c\xe4\xb8\x9a\xe6\x9d\xbf\xe5\x9d\x97\n\xe6\x88\xbf\xe5\x9c\xb0\xe4\xba\xa7\n{u\'Code\': u\'SZ000534\', u\'PlateName\': u\'\\u884c\\u4e1a\\u677f\\u5757\', u\'Name\': u\'\\u4e07\\u6cfd\\u80a1\\u4efd\', u\'TypeName\': u\'\\u623f\\u5730\\u4ea7\', u\'SysCode\': u\'DH00451\', u\'Date\': u\'2017-09-27\', u\'TypeZm\': u\'F\'}\n\xe4\xb8\x87\xe6\xb3\xbd\xe8\x82\xa1\xe4\xbb\xbd\nSZ000534\n\xe8\xa1\x8c\xe4\xb8\x9a\xe6\x9d\xbf\xe5\x9d\x97\n\xe6\x88\xbf\xe5\x9c\xb0\xe4\xba\xa7\n{u\'Code\': u\'SZ200011\', u\'PlateName\': u\'\\u884c\\u4e1a\\u677f\\u5757\', u\'Name\': u\'\\u6df1\\u7269\\u4e1aB\', u\'TypeName\': u\'\\u623f\\u5730\\u4ea7\', u\'SysCode\': u\'DH00451\', u\'Date\': u\'2017-09-27\', u\'TypeZm\': u\'F\'}\n\xe6\xb7\xb1\xe7\x89\xa9\xe4\xb8\x9aB\nSZ200011\n\xe8\xa1\x8c\xe4\xb8\x9a\xe6\x9d\xbf\xe5\x9d\x97\n\xe6\x88\xbf\xe5\x9c\xb0\xe4\xba\xa7\n{u\'Code\': u\'SH600095\', u\'PlateName\': u\'\\u884c\\u4e1a\\u677f\\u5757\', u\'Name\': u\'\\u54c8\\u9ad8\\u79d1\', u\'TypeName\': u\'\\u623f\\u5730\\u4ea7\', u\'SysCode\': u\'DH00451\', u\'Date\': u\'2017-09-27\', u\'TypeZm\': u\'F\'}\n\xe5\x93\x88\xe9\xab\x98\xe7\xa7\x91\nSH600095\n\xe8\xa1\x8c\xe4\xb8\x9a\xe6\x9d\xbf\xe5\x9d\x97\n\xe6\x88\xbf\xe5\x9c\xb0\xe4\xba\xa7\n{u\'Code\': u\'SH600663\', u\'PlateName\': u\'\\u884c\\u4e1a\\u677f\\u5757\', u\'Name\': u\'\\u9646\\u5bb6\\u5634\', u\'TypeName\': u\'\\u623f\\u5730\\u4ea7\', u\'SysCode\': u\'DH00451\', u\'Date\': u\'2017-09-27\', u\'TypeZm\': u\'F\'}\n\xe9\x99\x86\xe5\xae\xb6\xe5\x98\xb4\nSH600663\n\xe8\xa1\x8c\xe4\xb8\x9a\xe6\x9d\xbf\xe5\x9d\x97\n\xe6\x88\xbf\xe5\x9c\xb0\xe4\xba\xa7\n{u\'Code\': u\'SH600466\', u\'PlateName\': u\'\\u884c\\u4e1a\\u677f\\u5757\', u\'Name\': u\'\\u84dd\\u5149\\u53d1\\u5c55\', u\'TypeName\': u\'\\u623f\\u5730\\u4ea7\', u\'SysCode\': u\'DH00451\', u\'Date\': u\'2017-09-27\', u\'TypeZm\': u\'F\'}\n\xe8\x93\x9d\xe5\x85\x89\xe5\x8f\x91\xe5\xb1\x95\nSH600466\n\xe8\xa1\x8c\xe4\xb8\x9a\xe6\x9d\xbf\xe5\x9d\x97\n\xe6\x88\xbf\xe5\x9c\xb0\xe4\xba\xa7\n{u\'Code\': u\'SZ000069\', u\'PlateName\': u\'\\u884c\\u4e1a\\u677f\\u5757\', u\'Name\': u\'\\u534e\\u4fa8\\u57ceA\', u\'TypeName\': u\'\\u623f\\u5730\\u4ea7\', u\'SysCode\': u\'DH00451\', u\'Date\': u\'2017-09-27\', u\'TypeZm\': u\'F\'}\n\xe5\x8d\x8e\xe4\xbe\xa8\xe5\x9f\x8eA\nSZ000069\n\xe8\xa1\x8c\xe4\xb8\x9a\xe6\x9d\xbf\xe5\x9d\x97\n\xe6\x88\xbf\xe5\x9c\xb0\xe4\xba\xa7\n{u\'Code\': u\'SH600052\', u\'PlateName\': u\'\\u884c\\u4e1a\\u677f\\u5757\', u\'Name\': u\'\\u6d59\\u6c5f\\u5e7f\\u53a6\', u\'TypeName\': u\'\\u623f\\u5730\\u4ea7\', u\'SysCode\': u\'DH00451\', u\'Date\': u\'2017-09-27\', u\'TypeZm\': u\'F\'}\n\xe6\xb5\x99\xe6\xb1\x9f\xe5\xb9\xbf\xe5\x8e\xa6\nSH600052\n\xe8\xa1\x8c\xe4\xb8\x9a\xe6\x9d\xbf\xe5\x9d\x97\n\xe6\x88\xbf\xe5\x9c\xb0\xe4\xba\xa7\n{u\'Code\': u\'SZ000006\', u\'PlateName\': u\'\\u884c\\u4e1a\\u677f\\u5757\', u\'Name\': u\'\\u6df1\\u632f\\u4e1aA\', u\'TypeName\': u\'\\u623f\\u5730\\u4ea7\', u\'SysCode\': u\'DH00451\', u\'Date\': u\'2017-09-27\', u\'TypeZm\': u\'F\'}\n\xe6\xb7\xb1\xe6\x8c\xaf\xe4\xb8\x9aA\nSZ000006\n\xe8\xa1\x8c\xe4\xb8\x9a\xe6\x9d\xbf\xe5\x9d\x97\n\xe6\x88\xbf\xe5\x9c\xb0\xe4\xba\xa7\n{u\'Code\': u\'SH600733\', u\'PlateName\': u\'\\u884c\\u4e1a\\u677f\\u5757\', u\'Name\': u\'S*ST\\u524d\\u950b\', u\'TypeName\': u\'\\u623f\\u5730\\u4ea7\', u\'SysCode\': u\'DH00451\', u\'Date\': u\'2017-09-27\', u\'TypeZm\': u\'F\'}\nS*ST\xe5\x89\x8d\xe9\x94\x8b\nSH600733\n\xe8\xa1\x8c\xe4\xb8\x9a\xe6\x9d\xbf\xe5\x9d\x97\n\xe6\x88\xbf\xe5\x9c\xb0\xe4\xba\xa7\n{u\'Code\': u\'SZ000838\', u\'PlateName\': u\'\\u884c\\u4e1a\\u677f\\u5757\', u\'Name\': u\'\\u8d22\\u4fe1\\u53d1\\u5c55\', u\'TypeName\': u\'\\u623f\\u5730\\u4ea7\', u\'SysCode\': u\'DH00451\', u\'Date\': u\'2017-09-27\', u\'TypeZm\': u\'F\'}\n\xe8\xb4\xa2\xe4\xbf\xa1\xe5\x8f\x91\xe5\xb1\x95\nSZ000838\n\xe8\xa1\x8c\xe4\xb8\x9a\xe6\x9d\xbf\xe5\x9d\x97\n\xe6\x88\xbf\xe5\x9c\xb0\xe4\xba\xa7\n{u\'Code\': u\'SZ000615\', u\'PlateName\': u\'\\u884c\\u4e1a\\u677f\\u5757\', u\'Name\': u\'\\u4eac\\u6c49\\u80a1\\u4efd\', u\'TypeName\': u\'\\u623f\\u5730\\u4ea7\', u\'SysCode\': u\'DH00451\', u\'Date\': u\'2017-09-27\', u\'TypeZm\': u\'F\'}\n\xe4\xba\xac\xe6\xb1\x89\xe8\x82\xa1\xe4\xbb\xbd\nSZ000615\n\xe8\xa1\x8c\xe4\xb8\x9a\xe6\x9d\xbf\xe5\x9d\x97\n\xe6\x88\xbf\xe5\x9c\xb0\xe4\xba\xa7\n{u\'Code\': u\'SH600239\', u\'PlateName\': u\'\\u884c\\u4e1a\\u677f\\u5757\', u\'Name\': u\'\\u4e91\\u5357\\u57ce\\u6295\', u\'TypeName\': u\'\\u623f\\u5730\\u4ea7\', u\'SysCode\': u\'DH00451\', u\'Date\': u\'2017-09-27\', u\'TypeZm\': u\'F\'}\n\xe4\xba\x91\xe5\x8d\x97\xe5\x9f\x8e\xe6\x8a\x95\nSH600239\n\xe8\xa1\x8c\xe4\xb8\x9a\xe6\x9d\xbf\xe5\x9d\x97\n\xe6\x88\xbf\xe5\x9c\xb0\xe4\xba\xa7\n{u\'Code\': u\'SZ000638\', u\'PlateName\': u\'\\u884c\\u4e1a\\u677f\\u5757\', u\'Name\': u\'\\u4e07\\u65b9\\u53d1\\u5c55\', u\'TypeName\': u\'\\u623f\\u5730\\u4ea7\', u\'SysCode\': u\'DH00451\', u\'Date\': u\'2017-09-27\', u\'TypeZm\': u\'F\'}\n\xe4\xb8\x87\xe6\x96\xb9\xe5\x8f\x91\xe5\xb1\x95\nSZ000638\n\xe8\xa1\x8c\xe4\xb8\x9a\xe6\x9d\xbf\xe5\x9d\x97\n\xe6\x88\xbf\xe5\x9c\xb0\xe4\xba\xa7\n{u\'Code\': u\'SZ000979\', u\'PlateName\': u\'\\u884c\\u4e1a\\u677f\\u5757\', u\'Name\': u\'\\u4e2d\\u5f18\\u80a1\\u4efd\', u\'TypeName\': u\'\\u623f\\u5730\\u4ea7\', u\'SysCode\': u\'DH00451\', u\'Date\': u\'2017-09-27\', u\'TypeZm\': u\'F\'}\n\xe4\xb8\xad\xe5\xbc\x98\xe8\x82\xa1\xe4\xbb\xbd\nSZ000979\n\xe8\xa1\x8c\xe4\xb8\x9a\xe6\x9d\xbf\xe5\x9d\x97\n\xe6\x88\xbf\xe5\x9c\xb0\xe4\xba\xa7\n{u\'Code\': u\'SZ000029\', u\'PlateName\': u\'\\u884c\\u4e1a\\u677f\\u5757\', u\'Name\': u\'\\u6df1\\u6df1\\u623fA\', u\'TypeName\': u\'\\u623f\\u5730\\u4ea7\', u\'SysCode\': u\'DH00451\', u\'Date\': u\'2017-09-27\', u\'TypeZm\': u\'F\'}\n\xe6\xb7\xb1\xe6\xb7\xb1\xe6\x88\xbfA\nSZ000029\n\xe8\xa1\x8c\xe4\xb8\x9a\xe6\x9d\xbf\xe5\x9d\x97\n\xe6\x88\xbf\xe5\x9c\xb0\xe4\xba\xa7\n{u\'Code\': u\'SZ000608\', u\'PlateName\': u\'\\u884c\\u4e1a\\u677f\\u5757\', u\'Name\': u\'\\u9633\\u5149\\u80a1\\u4efd\', u\'TypeName\': u\'\\u623f\\u5730\\u4ea7\', u\'SysCode\': u\'DH00451\', u\'Date\': u\'2017-09-27\', u\'TypeZm\': u\'F\'}\n\xe9\x98\xb3\xe5\x85\x89\xe8\x82\xa1\xe4\xbb\xbd\nSZ000608\n\xe8\xa1\x8c\xe4\xb8\x9a\xe6\x9d\xbf\xe5\x9d\x97\n\xe6\x88\xbf\xe5\x9c\xb0\xe4\xba\xa7\n{u\'Code\': u\'SZ000031\', u\'PlateName\': u\'\\u884c\\u4e1a\\u677f\\u5757\', u\'Name\': u\'\\u4e2d\\u7cae\\u5730\\u4ea7\', u\'TypeName\': u\'\\u623f\\u5730\\u4ea7\', u\'SysCode\': u\'DH00451\', u\'Date\': u\'2017-09-27\', u\'TypeZm\': u\'F\'}\n\xe4\xb8\xad\xe7\xb2\xae\xe5\x9c\xb0\xe4\xba\xa7\nSZ000031\n\xe8\xa1\x8c\xe4\xb8\x9a\xe6\x9d\xbf\xe5\x9d\x97\n\xe6\x88\xbf\xe5\x9c\xb0\xe4\xba\xa7\n{u\'Code\': u\'SZ000540\', u\'PlateName\': u\'\\u884c\\u4e1a\\u677f\\u5757\', u\'Name\': u\'\\u4e2d\\u5929\\u91d1\\u878d\', u\'TypeName\': u\'\\u623f\\u5730\\u4ea7\', u\'SysCode\': u\'DH00451\', u\'Date\': u\'2017-09-27\', u\'TypeZm\': u\'F\'}\n\xe4\xb8\xad\xe5\xa4\xa9\xe9\x87\x91\xe8\x9e\x8d\nSZ000540\n\xe8\xa1\x8c\xe4\xb8\x9a\xe6\x9d\xbf\xe5\x9d\x97\n\xe6\x88\xbf\xe5\x9c\xb0\xe4\xba\xa7\n{u\'Code\': u\'SZ200029\', u\'PlateName\': u\'\\u884c\\u4e1a\\u677f\\u5757\', u\'Name\': u\'\\u6df1\\u6df1\\u623fB\', u\'TypeName\': u\'\\u623f\\u5730\\u4ea7\', u\'SysCode\': u\'DH00451\', u\'Date\': u\'2017-09-27\', u\'TypeZm\': u\'F\'}\n\xe6\xb7\xb1\xe6\xb7\xb1\xe6\x88\xbfB\nSZ200029\n\xe8\xa1\x8c\xe4\xb8\x9a\xe6\x9d\xbf\xe5\x9d\x97\n\xe6\x88\xbf\xe5\x9c\xb0\xe4\xba\xa7\n{u\'Code\': u\'SZ002113\', u\'PlateName\': u\'\\u884c\\u4e1a\\u677f\\u5757\', u\'Name\': u\'\\u5929\\u6da6\\u6570\\u5a31\', u\'TypeName\': u\'\\u623f\\u5730\\u4ea7\', u\'SysCode\': u\'DH00451\', u\'Date\': u\'2017-09-27\', u\'TypeZm\': u\'F\'}\n\xe5\xa4\xa9\xe6\xb6\xa6\xe6\x95\xb0\xe5\xa8\xb1\nSZ002113\n\xe8\xa1\x8c\xe4\xb8\x9a\xe6\x9d\xbf\xe5\x9d\x97\n\xe6\x88\xbf\xe5\x9c\xb0\xe4\xba\xa7\n']]>		</error>
	</testcase>
	<system-out>
<![CDATA[{u'Code': u'SZ000797', u'PlateName': u'\u884c\u4e1a\u677f\u5757', u'Name': u'\u4e2d\u56fd\u6b66\u5937', u'TypeName': u'\u623f\u5730\u4ea7', u'SysCode': u'DH00451', u'Date': u'2017-09-27', u'TypeZm': u'F'}
中国武夷
SZ000797
行业板块
房地产
{u'Code': u'SZ000537', u'PlateName': u'\u884c\u4e1a\u677f\u5757', u'Name': u'\u5e7f\u5b87\u53d1\u5c55', u'TypeName': u'\u623f\u5730\u4ea7', u'SysCode': u'DH00451', u'Date': u'2017-09-27', u'TypeZm': u'F'}
广宇发展
SZ000537
行业板块
房地产
{u'Code': u'SH600848', u'PlateName': u'\u884c\u4e1a\u677f\u5757', u'Name': u'\u4e0a\u6d77\u4e34\u6e2f', u'TypeName': u'\u623f\u5730\u4ea7', u'SysCode': u'DH00451', u'Date': u'2017-09-27', u'TypeZm': u'F'}
上海临港
SH600848
行业板块
房地产
{u'Code': u'SZ000402', u'PlateName': u'\u884c\u4e1a\u677f\u5757', u'Name': u'\u91d1\u878d\u8857', u'TypeName': u'\u623f\u5730\u4ea7', u'SysCode': u'DH00451', u'Date': u'2017-09-27', u'TypeZm': u'F'}
金融街
SZ000402
行业板块
房地产
{u'Code': u'SH600266', u'PlateName': u'\u884c\u4e1a\u677f\u5757', u'Name': u'\u5317\u4eac\u57ce\u5efa', u'TypeName': u'\u623f\u5730\u4ea7', u'SysCode': u'DH00451', u'Date': u'2017-09-27', u'TypeZm': u'F'}
北京城建
SH600266
行业板块
房地产
{u'Code': u'SH600622', u'PlateName': u'\u884c\u4e1a\u677f\u5757', u'Name': u'\u5609\u5b9d\u96c6\u56e2', u'TypeName': u'\u623f\u5730\u4ea7', u'SysCode': u'DH00451', u'Date': u'2017-09-27', u'TypeZm': u'F'}
嘉宝集团
SH600622
行业板块
房地产
{u'Code': u'SH600791', u'PlateName': u'\u884c\u4e1a\u677f\u5757', u'Name': u'\u4eac\u80fd\u7f6e\u4e1a', u'TypeName': u'\u623f\u5730\u4ea7', u'SysCode': u'DH00451', u'Date': u'2017-09-27', u'TypeZm': u'F'}
京能置业
SH600791
行业板块
房地产
{u'Code': u'SH600159', u'PlateName': u'\u884c\u4e1a\u677f\u5757', u'Name': u'\u5927\u9f99\u5730\u4ea7', u'TypeName': u'\u623f\u5730\u4ea7', u'SysCode': u'DH00451', u'Date': u'2017-09-27', u'TypeZm': u'F'}
大龙地产
SH600159
行业板块
房地产
{u'Code': u'SH600322', u'PlateName': u'\u884c\u4e1a\u677f\u5757', u'Name': u'\u5929\u623f\u53d1\u5c55', u'TypeName': u'\u623f\u5730\u4ea7', u'SysCode': u'DH00451', u'Date': u'2017-09-27', u'TypeZm': u'F'}
天房发展
SH600322
行业板块
房地产
{u'Code': u'SH600743', u'PlateName': u'\u884c\u4e1a\u677f\u5757', u'Name': u'\u534e\u8fdc\u5730\u4ea7', u'TypeName': u'\u623f\u5730\u4ea7', u'SysCode': u'DH00451', u'Date': u'2017-09-27', u'TypeZm': u'F'}
华远地产
SH600743
行业板块
房地产
{u'Code': u'SH600376', u'PlateName': u'\u884c\u4e1a\u677f\u5757', u'Name': u'\u9996\u5f00\u80a1\u4efd', u'TypeName': u'\u623f\u5730\u4ea7', u'SysCode': u'DH00451', u'Date': u'2017-09-27', u'TypeZm': u'F'}
首开股份
SH600376
行业板块
房地产
{u'Code': u'SH900939', u'PlateName': u'\u884c\u4e1a\u677f\u5757', u'Name': u'\u6c47\u4e3dB', u'TypeName': u'\u623f\u5730\u4ea7', u'SysCode': u'DH00451', u'Date': u'2017-09-27', u'TypeZm': u'F'}
汇丽B
SH900939
行业板块
房地产
{u'Code': u'SZ000620', u'PlateName': u'\u884c\u4e1a\u677f\u5757', u'Name': u'\u65b0\u534e\u8054', u'TypeName': u'\u623f\u5730\u4ea7', u'SysCode': u'DH00451', u'Date': u'2017-09-27', u'TypeZm': u'F'}
新华联
SZ000620
行业板块
房地产
{u'Code': u'SZ200160', u'PlateName': u'\u884c\u4e1a\u677f\u5757', u'Name': u'\u4e1c\u6ca3B', u'TypeName': u'\u623f\u5730\u4ea7', u'SysCode': u'DH00451', u'Date': u'2017-09-27', u'TypeZm': u'F'}
东沣B
SZ200160
行业板块
房地产
{u'Code': u'SH600683', u'PlateName': u'\u884c\u4e1a\u677f\u5757', u'Name': u'\u4eac\u6295\u53d1\u5c55', u'TypeName': u'\u623f\u5730\u4ea7', u'SysCode': u'DH00451', u'Date': u'2017-09-27', u'TypeZm': u'F'}
京投发展
SH600683
行业板块
房地产
{u'Code': u'SZ002285', u'PlateName': u'\u884c\u4e1a\u677f\u5757', u'Name': u'\u4e16\u8054\u884c', u'TypeName': u'\u623f\u5730\u4ea7', u'SysCode': u'DH00451', u'Date': u'2017-09-27', u'TypeZm': u'F'}
世联行
SZ002285
行业板块
房地产
{u'Code': u'SH600246', u'PlateName': u'\u884c\u4e1a\u677f\u5757', u'Name': u'\u4e07\u901a\u5730\u4ea7', u'TypeName': u'\u623f\u5730\u4ea7', u'SysCode': u'DH00451', u'Date': u'2017-09-27', u'TypeZm': u'F'}
万通地产
SH600246
行业板块
房地产
{u'Code': u'SH900928', u'PlateName': u'\u884c\u4e1a\u677f\u5757', u'Name': u'\u4e34\u6e2fB\u80a1', u'TypeName': u'\u623f\u5730\u4ea7', u'SysCode': u'DH00451', u'Date': u'2017-09-27', u'TypeZm': u'F'}
临港B股
SH900928
行业板块
房地产
{u'Code': u'SH600734', u'PlateName': u'\u884c\u4e1a\u677f\u5757', u'Name': u'\u5b9e\u8fbe\u96c6\u56e2', u'TypeName': u'\u623f\u5730\u4ea7', u'SysCode': u'DH00451', u'Date': u'2017-09-27', u'TypeZm': u'F'}
实达集团
SH600734
行业板块
房地产
{u'Code': u'SZ000931', u'PlateName': u'\u884c\u4e1a\u677f\u5757', u'Name': u'\u4e2d\u5173\u6751', u'TypeName': u'\u623f\u5730\u4ea7', u'SysCode': u'DH00451', u'Date': u'2017-09-27', u'TypeZm': u'F'}
中关村
SZ000931
行业板块
房地产
{u'Code': u'SZ000736', u'PlateName': u'\u884c\u4e1a\u677f\u5757', u'Name': u'\u4e2d\u623f\u5730\u4ea7', u'TypeName': u'\u623f\u5730\u4ea7', u'SysCode': u'DH00451', u'Date': u'2017-09-27', u'TypeZm': u'F'}
中房地产
SZ000736
行业板块
房地产
{u'Code': u'SH600657', u'PlateName': u'\u884c\u4e1a\u677f\u5757', u'Name': u'\u4fe1\u8fbe\u5730\u4ea7', u'TypeName': u'\u623f\u5730\u4ea7', u'SysCode': u'DH00451', u'Date': u'2017-09-27', u'TypeZm': u'F'}
信达地产
SH600657
行业板块
房地产
{u'Code': u'SZ000918', u'PlateName': u'\u884c\u4e1a\u677f\u5757', u'Name': u'\u5609\u51ef\u57ce', u'TypeName': u'\u623f\u5730\u4ea7', u'SysCode': u'DH00451', u'Date': u'2017-09-27', u'TypeZm': u'F'}
嘉凯城
SZ000918
行业板块
房地产
{u'Code': u'SH900902', u'PlateName': u'\u884c\u4e1a\u677f\u5757', u'Name': u'\u5e02\u5317B\u80a1', u'TypeName': u'\u623f\u5730\u4ea7', u'SysCode': u'DH00451', u'Date': u'2017-09-27', u'TypeZm': u'F'}
市北B股
SH900902
行业板块
房地产
{u'Code': u'SH600503', u'PlateName': u'\u884c\u4e1a\u677f\u5757', u'Name': u'\u534e\u4e3d\u5bb6\u65cf', u'TypeName': u'\u623f\u5730\u4ea7', u'SysCode': u'DH00451', u'Date': u'2017-09-27', u'TypeZm': u'F'}
华丽家族
SH600503
行业板块
房地产
{u'Code': u'SZ200505', u'PlateName': u'\u884c\u4e1a\u677f\u5757', u'Name': u'\u73e0\u6c5fB', u'TypeName': u'\u623f\u5730\u4ea7', u'SysCode': u'DH00451', u'Date': u'2017-09-27', u'TypeZm': u'F'}
珠江B
SZ200505
行业板块
房地产
{u'Code': u'SH600007', u'PlateName': u'\u884c\u4e1a\u677f\u5757', u'Name': u'\u4e2d\u56fd\u56fd\u8d38', u'TypeName': u'\u623f\u5730\u4ea7', u'SysCode': u'DH00451', u'Date': u'2017-09-27', u'TypeZm': u'F'}
中国国贸
SH600007
行业板块
房地产
{u'Code': u'SZ000573', u'PlateName': u'\u884c\u4e1a\u677f\u5757', u'Name': u'\u7ca4\u5b8f\u8fdcA', u'TypeName': u'\u623f\u5730\u4ea7', u'SysCode': u'DH00451', u'Date': u'2017-09-27', u'TypeZm': u'F'}
粤宏远A
SZ000573
行业板块
房地产
{u'Code': u'SZ000567', u'PlateName': u'\u884c\u4e1a\u677f\u5757', u'Name': u'\u6d77\u5fb7\u80a1\u4efd', u'TypeName': u'\u623f\u5730\u4ea7', u'SysCode': u'DH00451', u'Date': u'2017-09-27', u'TypeZm': u'F'}
海德股份
SZ000567
行业板块
房地产
{u'Code': u'SH600684', u'PlateName': u'\u884c\u4e1a\u677f\u5757', u'Name': u'\u73e0\u6c5f\u5b9e\u4e1a', u'TypeName': u'\u623f\u5730\u4ea7', u'SysCode': u'DH00451', u'Date': u'2017-09-27', u'TypeZm': u'F'}
珠江实业
SH600684
行业板块
房地产
{u'Code': u'SH600240', u'PlateName': u'\u884c\u4e1a\u677f\u5757', u'Name': u'\u534e\u4e1a\u8d44\u672c', u'TypeName': u'\u623f\u5730\u4ea7', u'SysCode': u'DH00451', u'Date': u'2017-09-27', u'TypeZm': u'F'}
华业资本
SH600240
行业板块
房地产
{u'Code': u'SH600225', u'PlateName': u'\u884c\u4e1a\u677f\u5757', u'Name': u'*ST\u677e\u6c5f', u'TypeName': u'\u623f\u5730\u4ea7', u'SysCode': u'DH00451', u'Date': u'2017-09-27', u'TypeZm': u'F'}
*ST松江
SH600225
行业板块
房地产
{u'Code': u'SZ000046', u'PlateName': u'\u884c\u4e1a\u677f\u5757', u'Name': u'\u6cdb\u6d77\u63a7\u80a1', u'TypeName': u'\u623f\u5730\u4ea7', u'SysCode': u'DH00451', u'Date': u'2017-09-27', u'TypeZm': u'F'}
泛海控股
SZ000046
行业板块
房地产
{u'Code': u'SH600067', u'PlateName': u'\u884c\u4e1a\u677f\u5757', u'Name': u'\u51a0\u57ce\u5927\u901a', u'TypeName': u'\u623f\u5730\u4ea7', u'SysCode': u'DH00451', u'Date': u'2017-09-27', u'TypeZm': u'F'}
冠城大通
SH600067
行业板块
房地产
{u'Code': u'SZ002016', u'PlateName': u'\u884c\u4e1a\u677f\u5757', u'Name': u'\u4e16\u8363\u5146\u4e1a', u'TypeName': u'\u623f\u5730\u4ea7', u'SysCode': u'DH00451', u'Date': u'2017-09-27', u'TypeZm': u'F'}
世荣兆业
SZ002016
行业板块
房地产
{u'Code': u'SH600048', u'PlateName': u'\u884c\u4e1a\u677f\u5757', u'Name': u'\u4fdd\u5229\u5730\u4ea7', u'TypeName': u'\u623f\u5730\u4ea7', u'SysCode': u'DH00451', u'Date': u'2017-09-27', u'TypeZm': u'F'}
保利地产
SH600048
行业板块
房地产
{u'Code': u'SZ002208', u'PlateName': u'\u884c\u4e1a\u677f\u5757', u'Name': u'\u5408\u80a5\u57ce\u5efa', u'TypeName': u'\u623f\u5730\u4ea7', u'SysCode': u'DH00451', u'Date': u'2017-09-27', u'TypeZm': u'F'}
合肥城建
SZ002208
行业板块
房地产
{u'Code': u'SH600149', u'PlateName': u'\u884c\u4e1a\u677f\u5757', u'Name': u'*ST\u574a\u5c55', u'TypeName': u'\u623f\u5730\u4ea7', u'SysCode': u'DH00451', u'Date': u'2017-09-27', u'TypeZm': u'F'}
*ST坊展
SH600149
行业板块
房地产
{u'Code': u'SH600515', u'PlateName': u'\u884c\u4e1a\u677f\u5757', u'Name': u'\u6d77\u822a\u57fa\u7840', u'TypeName': u'\u623f\u5730\u4ea7', u'SysCode': u'DH00451', u'Date': u'2017-09-27', u'TypeZm': u'F'}
海航基础
SH600515
行业板块
房地产
{u'Code': u'SZ000609', u'PlateName': u'\u884c\u4e1a\u677f\u5757', u'Name': u'\u7ef5\u77f3\u6295\u8d44', u'TypeName': u'\u623f\u5730\u4ea7', u'SysCode': u'DH00451', u'Date': u'2017-09-27', u'TypeZm': u'F'}
绵石投资
SZ000609
行业板块
房地产
{u'Code': u'SZ002146', u'PlateName': u'\u884c\u4e1a\u677f\u5757', u'Name': u'\u8363\u76db\u53d1\u5c55', u'TypeName': u'\u623f\u5730\u4ea7', u'SysCode': u'DH00451', u'Date': u'2017-09-27', u'TypeZm': u'F'}
荣盛发展
SZ002146
行业板块
房地产
{u'Code': u'SZ000005', u'PlateName': u'\u884c\u4e1a\u677f\u5757', u'Name': u'\u4e16\u7eaa\u661f\u6e90', u'TypeName': u'\u623f\u5730\u4ea7', u'SysCode': u'DH00451', u'Date': u'2017-09-27', u'TypeZm': u'F'}
世纪星源
SZ000005
行业板块
房地产
{u'Code': u'SH600641', u'PlateName': u'\u884c\u4e1a\u677f\u5757', u'Name': u'\u4e07\u4e1a\u4f01\u4e1a', u'TypeName': u'\u623f\u5730\u4ea7', u'SysCode': u'DH00451', u'Date': u'2017-09-27', u'TypeZm': u'F'}
万业企业
SH600641
行业板块
房地产
{u'Code': u'SZ000009', u'PlateName': u'\u884c\u4e1a\u677f\u5757', u'Name': u'\u4e2d\u56fd\u5b9d\u5b89', u'TypeName': u'\u623f\u5730\u4ea7', u'SysCode': u'DH00451', u'Date': u'2017-09-27', u'TypeZm': u'F'}
中国宝安
SZ000009
行业板块
房地产
{u'Code': u'SZ000667', u'PlateName': u'\u884c\u4e1a\u677f\u5757', u'Name': u'\u7f8e\u597d\u7f6e\u4e1a', u'TypeName': u'\u623f\u5730\u4ea7', u'SysCode': u'DH00451', u'Date': u'2017-09-27', u'TypeZm': u'F'}
美好置业
SZ000667
行业板块
房地产
{u'Code': u'SZ000965', u'PlateName': u'\u884c\u4e1a\u677f\u5757', u'Name': u'\u5929\u4fdd\u57fa\u5efa', u'TypeName': u'\u623f\u5730\u4ea7', u'SysCode': u'DH00451', u'Date': u'2017-09-27', u'TypeZm': u'F'}
天保基建
SZ000965
行业板块
房地产
{u'Code': u'SH600234', u'PlateName': u'\u884c\u4e1a\u677f\u5757', u'Name': u'ST\u5c71\u6c34', u'TypeName': u'\u623f\u5730\u4ea7', u'SysCode': u'DH00451', u'Date': u'2017-09-27', u'TypeZm': u'F'}
ST山水
SH600234
行业板块
房地产
{u'Code': u'SH600604', u'PlateName': u'\u884c\u4e1a\u677f\u5757', u'Name': u'\u5e02\u5317\u9ad8\u65b0', u'TypeName': u'\u623f\u5730\u4ea7', u'SysCode': u'DH00451', u'Date': u'2017-09-27', u'TypeZm': u'F'}
市北高新
SH600604
行业板块
房地产
{u'Code': u'SH600823', u'PlateName': u'\u884c\u4e1a\u677f\u5757', u'Name': u'\u4e16\u8302\u80a1\u4efd', u'TypeName': u'\u623f\u5730\u4ea7', u'SysCode': u'DH00451', u'Date': u'2017-09-27', u'TypeZm': u'F'}
世茂股份
SH600823
行业板块
房地产
{u'Code': u'SZ000505', u'PlateName': u'\u884c\u4e1a\u677f\u5757', u'Name': u'\u73e0\u6c5f\u63a7\u80a1', u'TypeName': u'\u623f\u5730\u4ea7', u'SysCode': u'DH00451', u'Date': u'2017-09-27', u'TypeZm': u'F'}
珠江控股
SZ000505
行业板块
房地产
{u'Code': u'SH600716', u'PlateName': u'\u884c\u4e1a\u677f\u5757', u'Name': u'\u51e4\u51f0\u80a1\u4efd', u'TypeName': u'\u623f\u5730\u4ea7', u'SysCode': u'DH00451', u'Date': u'2017-09-27', u'TypeZm': u'F'}
凤凰股份
SH600716
行业板块
房地产
{u'Code': u'SZ000011', u'PlateName': u'\u884c\u4e1a\u677f\u5757', u'Name': u'\u6df1\u7269\u4e1aA', u'TypeName': u'\u623f\u5730\u4ea7', u'SysCode': u'DH00451', u'Date': u'2017-09-27', u'TypeZm': u'F'}
深物业A
SZ000011
行业板块
房地产
{u'Code': u'SZ000897', u'PlateName': u'\u884c\u4e1a\u677f\u5757', u'Name': u'\u6d25\u6ee8\u53d1\u5c55', u'TypeName': u'\u623f\u5730\u4ea7', u'SysCode': u'DH00451', u'Date': u'2017-09-27', u'TypeZm': u'F'}
津滨发展
SZ000897
行业板块
房地产
{u'Code': u'SZ000671', u'PlateName': u'\u884c\u4e1a\u677f\u5757', u'Name': u'\u9633\u5149\u57ce', u'TypeName': u'\u623f\u5730\u4ea7', u'SysCode': u'DH00451', u'Date': u'2017-09-27', u'TypeZm': u'F'}
阳光城
SZ000671
行业板块
房地产
{u'Code': u'SH600638', u'PlateName': u'\u884c\u4e1a\u677f\u5757', u'Name': u'\u65b0\u9ec4\u6d66', u'TypeName': u'\u623f\u5730\u4ea7', u'SysCode': u'DH00451', u'Date': u'2017-09-27', u'TypeZm': u'F'}
新黄浦
SH600638
行业板块
房地产
{u'Code': u'SZ002305', u'PlateName': u'\u884c\u4e1a\u677f\u5757', u'Name': u'\u5357\u56fd\u7f6e\u4e1a', u'TypeName': u'\u623f\u5730\u4ea7', u'SysCode': u'DH00451', u'Date': u'2017-09-27', u'TypeZm': u'F'}
南国置业
SZ002305
行业板块
房地产
{u'Code': u'SH600736', u'PlateName': u'\u884c\u4e1a\u677f\u5757', u'Name': u'\u82cf\u5dde\u9ad8\u65b0', u'TypeName': u'\u623f\u5730\u4ea7', u'SysCode': u'DH00451', u'Date': u'2017-09-27', u'TypeZm': u'F'}
苏州高新
SH600736
行业板块
房地产
{u'Code': u'SH600082', u'PlateName': u'\u884c\u4e1a\u677f\u5757', u'Name': u'\u6d77\u6cf0\u53d1\u5c55', u'TypeName': u'\u623f\u5730\u4ea7', u'SysCode': u'DH00451', u'Date': u'2017-09-27', u'TypeZm': u'F'}
海泰发展
SH600082
行业板块
房地产
{u'Code': u'SH600665', u'PlateName': u'\u884c\u4e1a\u677f\u5757', u'Name': u'\u5929\u5730\u6e90', u'TypeName': u'\u623f\u5730\u4ea7', u'SysCode': u'DH00451', u'Date': u'2017-09-27', u'TypeZm': u'F'}
天地源
SH600665
行业板块
房地产
{u'Code': u'SZ002244', u'PlateName': u'\u884c\u4e1a\u677f\u5757', u'Name': u'\u6ee8\u6c5f\u96c6\u56e2', u'TypeName': u'\u623f\u5730\u4ea7', u'SysCode': u'DH00451', u'Date': u'2017-09-27', u'TypeZm': u'F'}
滨江集团
SZ002244
行业板块
房地产
{u'Code': u'SZ002133', u'PlateName': u'\u884c\u4e1a\u677f\u5757', u'Name': u'\u5e7f\u5b87\u96c6\u56e2', u'TypeName': u'\u623f\u5730\u4ea7', u'SysCode': u'DH00451', u'Date': u'2017-09-27', u'TypeZm': u'F'}
广宇集团
SZ002133
行业板块
房地产
{u'Code': u'SH900940', u'PlateName': u'\u884c\u4e1a\u677f\u5757', u'Name': u'\u5927\u540d\u57ceB', u'TypeName': u'\u623f\u5730\u4ea7', u'SysCode': u'DH00451', u'Date': u'2017-09-27', u'TypeZm': u'F'}
大名城B
SH900940
行业板块
房地产
{u'Code': u'SH600692', u'PlateName': u'\u884c\u4e1a\u677f\u5757', u'Name': u'\u4e9a\u901a\u80a1\u4efd', u'TypeName': u'\u623f\u5730\u4ea7', u'SysCode': u'DH00451', u'Date': u'2017-09-27', u'TypeZm': u'F'}
亚通股份
SH600692
行业板块
房地产
{u'Code': u'SH600325', u'PlateName': u'\u884c\u4e1a\u677f\u5757', u'Name': u'\u534e\u53d1\u80a1\u4efd', u'TypeName': u'\u623f\u5730\u4ea7', u'SysCode': u'DH00451', u'Date': u'2017-09-27', u'TypeZm': u'F'}
华发股份
SH600325
行业板块
房地产
{u'Code': u'SZ000732', u'PlateName': u'\u884c\u4e1a\u677f\u5757', u'Name': u'\u6cf0\u79be\u96c6\u56e2', u'TypeName': u'\u623f\u5730\u4ea7', u'SysCode': u'DH00451', u'Date': u'2017-09-27', u'TypeZm': u'F'}
泰禾集团
SZ000732
行业板块
房地产
{u'Code': u'SH600215', u'PlateName': u'\u884c\u4e1a\u677f\u5757', u'Name': u'\u957f\u6625\u7ecf\u5f00', u'TypeName': u'\u623f\u5730\u4ea7', u'SysCode': u'DH00451', u'Date': u'2017-09-27', u'TypeZm': u'F'}
长春经开
SH600215
行业板块
房地产
{u'Code': u'SH600185', u'PlateName': u'\u884c\u4e1a\u677f\u5757', u'Name': u'\u683c\u529b\u5730\u4ea7', u'TypeName': u'\u623f\u5730\u4ea7', u'SysCode': u'DH00451', u'Date': u'2017-09-27', u'TypeZm': u'F'}
格力地产
SH600185
行业板块
房地产
{u'Code': u'SZ000517', u'PlateName': u'\u884c\u4e1a\u677f\u5757', u'Name': u'\u8363\u5b89\u5730\u4ea7', u'TypeName': u'\u623f\u5730\u4ea7', u'SysCode': u'DH00451', u'Date': u'2017-09-27', u'TypeZm': u'F'}
荣安地产
SZ000517
行业板块
房地产
{u'Code': u'SH600753', u'PlateName': u'\u884c\u4e1a\u677f\u5757', u'Name': u'\u4e1c\u65b9\u94f6\u661f', u'TypeName': u'\u623f\u5730\u4ea7', u'SysCode': u'DH00451', u'Date': u'2017-09-27', u'TypeZm': u'F'}
东方银星
SH600753
行业板块
房地产
{u'Code': u'SH600724', u'PlateName': u'\u884c\u4e1a\u677f\u5757', u'Name': u'\u5b81\u6ce2\u5bcc\u8fbe', u'TypeName': u'\u623f\u5730\u4ea7', u'SysCode': u'DH00451', u'Date': u'2017-09-27', u'TypeZm': u'F'}
宁波富达
SH600724
行业板块
房地产
{u'Code': u'SH600732', u'PlateName': u'\u884c\u4e1a\u677f\u5757', u'Name': u'ST\u65b0\u6885', u'TypeName': u'\u623f\u5730\u4ea7', u'SysCode': u'DH00451', u'Date': u'2017-09-27', u'TypeZm': u'F'}
ST新梅
SH600732
行业板块
房地产
{u'Code': u'SH900911', u'PlateName': u'\u884c\u4e1a\u677f\u5757', u'Name': u'\u91d1\u6865B\u80a1', u'TypeName': u'\u623f\u5730\u4ea7', u'SysCode': u'DH00451', u'Date': u'2017-09-27', u'TypeZm': u'F'}
金桥B股
SH900911
行业板块
房地产
{u'Code': u'SH600463', u'PlateName': u'\u884c\u4e1a\u677f\u5757', u'Name': u'\u7a7a\u6e2f\u80a1\u4efd', u'TypeName': u'\u623f\u5730\u4ea7', u'SysCode': u'DH00451', u'Date': u'2017-09-27', u'TypeZm': u'F'}
空港股份
SH600463
行业板块
房地产
{u'Code': u'SH900912', u'PlateName': u'\u884c\u4e1a\u677f\u5757', u'Name': u'\u5916\u9ad8B\u80a1', u'TypeName': u'\u623f\u5730\u4ea7', u'SysCode': u'DH00451', u'Date': u'2017-09-27', u'TypeZm': u'F'}
外高B股
SH900912
行业板块
房地产
{u'Code': u'SH601155', u'PlateName': u'\u884c\u4e1a\u677f\u5757', u'Name': u'\u65b0\u57ce\u63a7\u80a1', u'TypeName': u'\u623f\u5730\u4ea7', u'SysCode': u'DH00451', u'Date': u'2017-09-27', u'TypeZm': u'F'}
新城控股
SH601155
行业板块
房地产
{u'Code': u'SH600730', u'PlateName': u'\u884c\u4e1a\u677f\u5757', u'Name': u'\u4e2d\u56fd\u9ad8\u79d1', u'TypeName': u'\u623f\u5730\u4ea7', u'SysCode': u'DH00451', u'Date': u'2017-09-27', u'TypeZm': u'F'}
中国高科
SH600730
行业板块
房地产
{u'Code': u'SH600565', u'PlateName': u'\u884c\u4e1a\u677f\u5757', u'Name': u'\u8fea\u9a6c\u80a1\u4efd', u'TypeName': u'\u623f\u5730\u4ea7', u'SysCode': u'DH00451', u'Date': u'2017-09-27', u'TypeZm': u'F'}
迪马股份
SH600565
行业板块
房地产
{u'Code': u'SZ000014', u'PlateName': u'\u884c\u4e1a\u677f\u5757', u'Name': u'\u6c99\u6cb3\u80a1\u4efd', u'TypeName': u'\u623f\u5730\u4ea7', u'SysCode': u'DH00451', u'Date': u'2017-09-27', u'TypeZm': u'F'}
沙河股份
SZ000014
行业板块
房地产
{u'Code': u'SZ000668', u'PlateName': u'\u884c\u4e1a\u677f\u5757', u'Name': u'\u8363\u4e30\u63a7\u80a1', u'TypeName': u'\u623f\u5730\u4ea7', u'SysCode': u'DH00451', u'Date': u'2017-09-27', u'TypeZm': u'F'}
荣丰控股
SZ000668
行业板块
房地产
{u'Code': u'SZ000502', u'PlateName': u'\u884c\u4e1a\u677f\u5757', u'Name': u'\u7eff\u666f\u63a7\u80a1', u'TypeName': u'\u623f\u5730\u4ea7', u'SysCode': u'DH00451', u'Date': u'2017-09-27', u'TypeZm': u'F'}
绿景控股
SZ000502
行业板块
房地产
{u'Code': u'SH600533', u'PlateName': u'\u884c\u4e1a\u677f\u5757', u'Name': u'\u6816\u971e\u5efa\u8bbe', u'TypeName': u'\u623f\u5730\u4ea7', u'SysCode': u'DH00451', u'Date': u'2017-09-27', u'TypeZm': u'F'}
栖霞建设
SH600533
行业板块
房地产
{u'Code': u'SZ002077', u'PlateName': u'\u884c\u4e1a\u677f\u5757', u'Name': u'\u5927\u6e2f\u80a1\u4efd', u'TypeName': u'\u623f\u5730\u4ea7', u'SysCode': u'DH00451', u'Date': u'2017-09-27', u'TypeZm': u'F'}
大港股份
SZ002077
行业板块
房地产
{u'Code': u'SH600173', u'PlateName': u'\u884c\u4e1a\u677f\u5757', u'Name': u'\u5367\u9f99\u5730\u4ea7', u'TypeName': u'\u623f\u5730\u4ea7', u'SysCode': u'DH00451', u'Date': u'2017-09-27', u'TypeZm': u'F'}
卧龙地产
SH600173
行业板块
房地产
{u'Code': u'SZ000002', u'PlateName': u'\u884c\u4e1a\u677f\u5757', u'Name': u'\u4e07\u79d1A', u'TypeName': u'\u623f\u5730\u4ea7', u'SysCode': u'DH00451', u'Date': u'2017-09-27', u'TypeZm': u'F'}
万科A
SZ000002
行业板块
房地产
{u'Code': u'SZ000863', u'PlateName': u'\u884c\u4e1a\u677f\u5757', u'Name': u'\u4e09\u6e58\u5370\u8c61', u'TypeName': u'\u623f\u5730\u4ea7', u'SysCode': u'DH00451', u'Date': u'2017-09-27', u'TypeZm': u'F'}
三湘印象
SZ000863
行业板块
房地产
{u'Code': u'SH900932', u'PlateName': u'\u884c\u4e1a\u677f\u5757', u'Name': u'\u9646\u5bb6B\u80a1', u'TypeName': u'\u623f\u5730\u4ea7', u'SysCode': u'DH00451', u'Date': u'2017-09-27', u'TypeZm': u'F'}
陆家B股
SH900932
行业板块
房地产
{u'Code': u'SZ000056', u'PlateName': u'\u884c\u4e1a\u677f\u5757', u'Name': u'\u7687\u5ead\u56fd\u9645', u'TypeName': u'\u623f\u5730\u4ea7', u'SysCode': u'DH00451', u'Date': u'2017-09-27', u'TypeZm': u'F'}
皇庭国际
SZ000056
行业板块
房地产
{u'Code': u'SH600113', u'PlateName': u'\u884c\u4e1a\u677f\u5757', u'Name': u'\u6d59\u6c5f\u4e1c\u65e5', u'TypeName': u'\u623f\u5730\u4ea7', u'SysCode': u'DH00451', u'Date': u'2017-09-27', u'TypeZm': u'F'}
浙江东日
SH600113
行业板块
房地产
{u'Code': u'SZ000042', u'PlateName': u'\u884c\u4e1a\u677f\u5757', u'Name': u'\u4e2d\u6d32\u63a7\u80a1', u'TypeName': u'\u623f\u5730\u4ea7', u'SysCode': u'DH00451', u'Date': u'2017-09-27', u'TypeZm': u'F'}
中洲控股
SZ000042
行业板块
房地产
{u'Code': u'SH600696', u'PlateName': u'\u884c\u4e1a\u677f\u5757', u'Name': u'*ST\u5339\u51f8', u'TypeName': u'\u623f\u5730\u4ea7', u'SysCode': u'DH00451', u'Date': u'2017-09-27', u'TypeZm': u'F'}
*ST匹凸
SH600696
行业板块
房地产
{u'Code': u'SH600748', u'PlateName': u'\u884c\u4e1a\u677f\u5757', u'Name': u'\u4e0a\u5b9e\u53d1\u5c55', u'TypeName': u'\u623f\u5730\u4ea7', u'SysCode': u'DH00451', u'Date': u'2017-09-27', u'TypeZm': u'F'}
上实发展
SH600748
行业板块
房地产
{u'Code': u'SH600606', u'PlateName': u'\u884c\u4e1a\u677f\u5757', u'Name': u'\u7eff\u5730\u63a7\u80a1', u'TypeName': u'\u623f\u5730\u4ea7', u'SysCode': u'DH00451', u'Date': u'2017-09-27', u'TypeZm': u'F'}
绿地控股
SH600606
行业板块
房地产
{u'Code': u'SH600064', u'PlateName': u'\u884c\u4e1a\u677f\u5757', u'Name': u'\u5357\u4eac\u9ad8\u79d1', u'TypeName': u'\u623f\u5730\u4ea7', u'SysCode': u'DH00451', u'Date': u'2017-09-27', u'TypeZm': u'F'}
南京高科
SH600064
行业板块
房地产
{u'Code': u'SZ000514', u'PlateName': u'\u884c\u4e1a\u677f\u5757', u'Name': u'\u6e1d\u5f00\u53d1', u'TypeName': u'\u623f\u5730\u4ea7', u'SysCode': u'DH00451', u'Date': u'2017-09-27', u'TypeZm': u'F'}
渝开发
SZ000514
行业板块
房地产
{u'Code': u'SZ000036', u'PlateName': u'\u884c\u4e1a\u677f\u5757', u'Name': u'\u534e\u8054\u63a7\u80a1', u'TypeName': u'\u623f\u5730\u4ea7', u'SysCode': u'DH00451', u'Date': u'2017-09-27', u'TypeZm': u'F'}
华联控股
SZ000036
行业板块
房地产
{u'Code': u'SZ000043', u'PlateName': u'\u884c\u4e1a\u677f\u5757', u'Name': u'\u4e2d\u822a\u5730\u4ea7', u'TypeName': u'\u623f\u5730\u4ea7', u'SysCode': u'DH00451', u'Date': u'2017-09-27', u'TypeZm': u'F'}
中航地产
SZ000043
行业板块
房地产
{u'Code': u'SH600383', u'PlateName': u'\u884c\u4e1a\u677f\u5757', u'Name': u'\u91d1\u5730\u96c6\u56e2', u'TypeName': u'\u623f\u5730\u4ea7', u'SysCode': u'DH00451', u'Date': u'2017-09-27', u'TypeZm': u'F'}
金地集团
SH600383
行业板块
房地产
{u'Code': u'SZ002147', u'PlateName': u'\u884c\u4e1a\u677f\u5757', u'Name': u'\u65b0\u5149\u5706\u6210', u'TypeName': u'\u623f\u5730\u4ea7', u'SysCode': u'DH00451', u'Date': u'2017-09-27', u'TypeZm': u'F'}
新光圆成
SZ002147
行业板块
房地产
{u'Code': u'SZ000558', u'PlateName': u'\u884c\u4e1a\u677f\u5757', u'Name': u'\u83b1\u8335\u4f53\u80b2', u'TypeName': u'\u623f\u5730\u4ea7', u'SysCode': u'DH00451', u'Date': u'2017-09-27', u'TypeZm': u'F'}
莱茵体育
SZ000558
行业板块
房地产
{u'Code': u'SZ000861', u'PlateName': u'\u884c\u4e1a\u677f\u5757', u'Name': u'\u6d77\u5370\u80a1\u4efd', u'TypeName': u'\u623f\u5730\u4ea7', u'SysCode': u'DH00451', u'Date': u'2017-09-27', u'TypeZm': u'F'}
海印股份
SZ000861
行业板块
房地产
{u'Code': u'SH600708', u'PlateName': u'\u884c\u4e1a\u677f\u5757', u'Name': u'\u5149\u660e\u5730\u4ea7', u'TypeName': u'\u623f\u5730\u4ea7', u'SysCode': u'DH00451', u'Date': u'2017-09-27', u'TypeZm': u'F'}
光明地产
SH600708
行业板块
房地产
{u'Code': u'SZ000631', u'PlateName': u'\u884c\u4e1a\u677f\u5757', u'Name': u'\u987a\u53d1\u6052\u4e1a', u'TypeName': u'\u623f\u5730\u4ea7', u'SysCode': u'DH00451', u'Date': u'2017-09-27', u'TypeZm': u'F'}
顺发恒业
SZ000631
行业板块
房地产
{u'Code': u'SH600675', u'PlateName': u'\u884c\u4e1a\u677f\u5757', u'Name': u'\u4e2d\u534e\u4f01\u4e1a', u'TypeName': u'\u623f\u5730\u4ea7', u'SysCode': u'DH00451', u'Date': u'2017-09-27', u'TypeZm': u'F'}
中华企业
SH600675
行业板块
房地产
{u'Code': u'SH600162', u'PlateName': u'\u884c\u4e1a\u677f\u5757', u'Name': u'\u9999\u6c5f\u63a7\u80a1', u'TypeName': u'\u623f\u5730\u4ea7', u'SysCode': u'DH00451', u'Date': u'2017-09-27', u'TypeZm': u'F'}
香江控股
SH600162
行业板块
房地产
{u'Code': u'SH600177', u'PlateName': u'\u884c\u4e1a\u677f\u5757', u'Name': u'\u96c5\u6208\u5c14', u'TypeName': u'\u623f\u5730\u4ea7', u'SysCode': u'DH00451', u'Date': u'2017-09-27', u'TypeZm': u'F'}
雅戈尔
SH600177
行业板块
房地产
{u'Code': u'SH600223', u'PlateName': u'\u884c\u4e1a\u677f\u5757', u'Name': u'\u9c81\u5546\u7f6e\u4e1a', u'TypeName': u'\u623f\u5730\u4ea7', u'SysCode': u'DH00451', u'Date': u'2017-09-27', u'TypeZm': u'F'}
鲁商置业
SH600223
行业板块
房地产
{u'Code': u'SZ001979', u'PlateName': u'\u884c\u4e1a\u677f\u5757', u'Name': u'\u62db\u5546\u86c7\u53e3', u'TypeName': u'\u623f\u5730\u4ea7', u'SysCode': u'DH00451', u'Date': u'2017-09-27', u'TypeZm': u'F'}
招商蛇口
SZ001979
行业板块
房地产
{u'Code': u'SH600658', u'PlateName': u'\u884c\u4e1a\u677f\u5757', u'Name': u'\u7535\u5b50\u57ce', u'TypeName': u'\u623f\u5730\u4ea7', u'SysCode': u'DH00451', u'Date': u'2017-09-27', u'TypeZm': u'F'}
电子城
SH600658
行业板块
房地产
{u'Code': u'SH600649', u'PlateName': u'\u884c\u4e1a\u677f\u5757', u'Name': u'\u57ce\u6295\u63a7\u80a1', u'TypeName': u'\u623f\u5730\u4ea7', u'SysCode': u'DH00451', u'Date': u'2017-09-27', u'TypeZm': u'F'}
城投控股
SH600649
行业板块
房地产
{u'Code': u'SH600094', u'PlateName': u'\u884c\u4e1a\u677f\u5757', u'Name': u'\u5927\u540d\u57ce', u'TypeName': u'\u623f\u5730\u4ea7', u'SysCode': u'DH00451', u'Date': u'2017-09-27', u'TypeZm': u'F'}
大名城
SH600094
行业板块
房地产
{u'Code': u'SZ002314', u'PlateName': u'\u884c\u4e1a\u677f\u5757', u'Name': u'\u5357\u5c71\u63a7\u80a1', u'TypeName': u'\u623f\u5730\u4ea7', u'SysCode': u'DH00451', u'Date': u'2017-09-27', u'TypeZm': u'F'}
南山控股
SZ002314
行业板块
房地产
{u'Code': u'SZ000718', u'PlateName': u'\u884c\u4e1a\u677f\u5757', u'Name': u'\u82cf\u5b81\u73af\u7403', u'TypeName': u'\u623f\u5730\u4ea7', u'SysCode': u'DH00451', u'Date': u'2017-09-27', u'TypeZm': u'F'}
苏宁环球
SZ000718
行业板块
房地产
{u'Code': u'SZ200056', u'PlateName': u'\u884c\u4e1a\u677f\u5757', u'Name': u'\u7687\u5eadB', u'TypeName': u'\u623f\u5730\u4ea7', u'SysCode': u'DH00451', u'Date': u'2017-09-27', u'TypeZm': u'F'}
皇庭B
SZ200056
行业板块
房地产
{u'Code': u'SZ000616', u'PlateName': u'\u884c\u4e1a\u677f\u5757', u'Name': u'\u6d77\u822a\u6295\u8d44', u'TypeName': u'\u623f\u5730\u4ea7', u'SysCode': u'DH00451', u'Date': u'2017-09-27', u'TypeZm': u'F'}
海航投资
SZ000616
行业板块
房地产
{u'Code': u'SH600077', u'PlateName': u'\u884c\u4e1a\u677f\u5757', u'Name': u'\u5b8b\u90fd\u80a1\u4efd', u'TypeName': u'\u623f\u5730\u4ea7', u'SysCode': u'DH00451', u'Date': u'2017-09-27', u'TypeZm': u'F'}
宋都股份
SH600077
行业板块
房地产
{u'Code': u'SH600639', u'PlateName': u'\u884c\u4e1a\u677f\u5757', u'Name': u'\u6d66\u4e1c\u91d1\u6865', u'TypeName': u'\u623f\u5730\u4ea7', u'SysCode': u'DH00451', u'Date': u'2017-09-27', u'TypeZm': u'F'}
浦东金桥
SH600639
行业板块
房地产
{u'Code': u'SH600393', u'PlateName': u'\u884c\u4e1a\u677f\u5757', u'Name': u'\u7ca4\u6cf0\u80a1\u4efd', u'TypeName': u'\u623f\u5730\u4ea7', u'SysCode': u'DH00451', u'Date': u'2017-09-27', u'TypeZm': u'F'}
粤泰股份
SH600393
行业板块
房地产
{u'Code': u'SZ000961', u'PlateName': u'\u884c\u4e1a\u677f\u5757', u'Name': u'\u4e2d\u5357\u5efa\u8bbe', u'TypeName': u'\u623f\u5730\u4ea7', u'SysCode': u'DH00451', u'Date': u'2017-09-27', u'TypeZm': u'F'}
中南建设
SZ000961
行业板块
房地产
{u'Code': u'SH601588', u'PlateName': u'\u884c\u4e1a\u677f\u5757', u'Name': u'\u5317\u8fb0\u5b9e\u4e1a', u'TypeName': u'\u623f\u5730\u4ea7', u'SysCode': u'DH00451', u'Date': u'2017-09-27', u'TypeZm': u'F'}
北辰实业
SH601588
行业板块
房地产
{u'Code': u'SH600340', u'PlateName': u'\u884c\u4e1a\u677f\u5757', u'Name': u'\u534e\u590f\u5e78\u798f', u'TypeName': u'\u623f\u5730\u4ea7', u'SysCode': u'DH00451', u'Date': u'2017-09-27', u'TypeZm': u'F'}
华夏幸福
SH600340
行业板块
房地产
{u'Code': u'SH600807', u'PlateName': u'\u884c\u4e1a\u677f\u5757', u'Name': u'\u5929\u4e1a\u80a1\u4efd', u'TypeName': u'\u623f\u5730\u4ea7', u'SysCode': u'DH00451', u'Date': u'2017-09-27', u'TypeZm': u'F'}
天业股份
SH600807
行业板块
房地产
{u'Code': u'SH600648', u'PlateName': u'\u884c\u4e1a\u677f\u5757', u'Name': u'\u5916\u9ad8\u6865', u'TypeName': u'\u623f\u5730\u4ea7', u'SysCode': u'DH00451', u'Date': u'2017-09-27', u'TypeZm': u'F'}
外高桥
SH600648
行业板块
房地产
{u'Code': u'SZ000656', u'PlateName': u'\u884c\u4e1a\u677f\u5757', u'Name': u'\u91d1\u79d1\u80a1\u4efd', u'TypeName': u'\u623f\u5730\u4ea7', u'SysCode': u'DH00451', u'Date': u'2017-09-27', u'TypeZm': u'F'}
金科股份
SZ000656
行业板块
房地产
{u'Code': u'SH600895', u'PlateName': u'\u884c\u4e1a\u677f\u5757', u'Name': u'\u5f20\u6c5f\u9ad8\u79d1', u'TypeName': u'\u623f\u5730\u4ea7', u'SysCode': u'DH00451', u'Date': u'2017-09-27', u'TypeZm': u'F'}
张江高科
SH600895
行业板块
房地产
{u'Code': u'SZ000981', u'PlateName': u'\u884c\u4e1a\u677f\u5757', u'Name': u'\u94f6\u4ebf\u80a1\u4efd', u'TypeName': u'\u623f\u5730\u4ea7', u'SysCode': u'DH00451', u'Date': u'2017-09-27', u'TypeZm': u'F'}
银亿股份
SZ000981
行业板块
房地产
{u'Code': u'SH600208', u'PlateName': u'\u884c\u4e1a\u677f\u5757', u'Name': u'\u65b0\u6e56\u4e2d\u5b9d', u'TypeName': u'\u623f\u5730\u4ea7', u'SysCode': u'DH00451', u'Date': u'2017-09-27', u'TypeZm': u'F'}
新湖中宝
SH600208
行业板块
房地产
{u'Code': u'SZ000809', u'PlateName': u'\u884c\u4e1a\u677f\u5757', u'Name': u'*ST\u65b0\u57ce', u'TypeName': u'\u623f\u5730\u4ea7', u'SysCode': u'DH00451', u'Date': u'2017-09-27', u'TypeZm': u'F'}
*ST新城
SZ000809
行业板块
房地产
{u'Code': u'SZ000926', u'PlateName': u'\u884c\u4e1a\u677f\u5757', u'Name': u'\u798f\u661f\u80a1\u4efd', u'TypeName': u'\u623f\u5730\u4ea7', u'SysCode': u'DH00451', u'Date': u'2017-09-27', u'TypeZm': u'F'}
福星股份
SZ000926
行业板块
房地产
{u'Code': u'SH600773', u'PlateName': u'\u884c\u4e1a\u677f\u5757', u'Name': u'\u897f\u85cf\u57ce\u6295', u'TypeName': u'\u623f\u5730\u4ea7', u'SysCode': u'DH00451', u'Date': u'2017-09-27', u'TypeZm': u'F'}
西藏城投
SH600773
行业板块
房地产
{u'Code': u'SZ000691', u'PlateName': u'\u884c\u4e1a\u677f\u5757', u'Name': u'ST\u4e9a\u592a', u'TypeName': u'\u623f\u5730\u4ea7', u'SysCode': u'DH00451', u'Date': u'2017-09-27', u'TypeZm': u'F'}
ST亚太
SZ000691
行业板块
房地产
{u'Code': u'SH600275', u'PlateName': u'\u884c\u4e1a\u677f\u5757', u'Name': u'*ST\u660c\u9c7c', u'TypeName': u'\u623f\u5730\u4ea7', u'SysCode': u'DH00451', u'Date': u'2017-09-27', u'TypeZm': u'F'}
*ST昌鱼
SH600275
行业板块
房地产
{u'Code': u'SZ000534', u'PlateName': u'\u884c\u4e1a\u677f\u5757', u'Name': u'\u4e07\u6cfd\u80a1\u4efd', u'TypeName': u'\u623f\u5730\u4ea7', u'SysCode': u'DH00451', u'Date': u'2017-09-27', u'TypeZm': u'F'}
万泽股份
SZ000534
行业板块
房地产
{u'Code': u'SZ200011', u'PlateName': u'\u884c\u4e1a\u677f\u5757', u'Name': u'\u6df1\u7269\u4e1aB', u'TypeName': u'\u623f\u5730\u4ea7', u'SysCode': u'DH00451', u'Date': u'2017-09-27', u'TypeZm': u'F'}
深物业B
SZ200011
行业板块
房地产
{u'Code': u'SH600095', u'PlateName': u'\u884c\u4e1a\u677f\u5757', u'Name': u'\u54c8\u9ad8\u79d1', u'TypeName': u'\u623f\u5730\u4ea7', u'SysCode': u'DH00451', u'Date': u'2017-09-27', u'TypeZm': u'F'}
哈高科
SH600095
行业板块
房地产
{u'Code': u'SH600663', u'PlateName': u'\u884c\u4e1a\u677f\u5757', u'Name': u'\u9646\u5bb6\u5634', u'TypeName': u'\u623f\u5730\u4ea7', u'SysCode': u'DH00451', u'Date': u'2017-09-27', u'TypeZm': u'F'}
陆家嘴
SH600663
行业板块
房地产
{u'Code': u'SH600466', u'PlateName': u'\u884c\u4e1a\u677f\u5757', u'Name': u'\u84dd\u5149\u53d1\u5c55', u'TypeName': u'\u623f\u5730\u4ea7', u'SysCode': u'DH00451', u'Date': u'2017-09-27', u'TypeZm': u'F'}
蓝光发展
SH600466
行业板块
房地产
{u'Code': u'SZ000069', u'PlateName': u'\u884c\u4e1a\u677f\u5757', u'Name': u'\u534e\u4fa8\u57ceA', u'TypeName': u'\u623f\u5730\u4ea7', u'SysCode': u'DH00451', u'Date': u'2017-09-27', u'TypeZm': u'F'}
华侨城A
SZ000069
行业板块
房地产
{u'Code': u'SH600052', u'PlateName': u'\u884c\u4e1a\u677f\u5757', u'Name': u'\u6d59\u6c5f\u5e7f\u53a6', u'TypeName': u'\u623f\u5730\u4ea7', u'SysCode': u'DH00451', u'Date': u'2017-09-27', u'TypeZm': u'F'}
浙江广厦
SH600052
行业板块
房地产
{u'Code': u'SZ000006', u'PlateName': u'\u884c\u4e1a\u677f\u5757', u'Name': u'\u6df1\u632f\u4e1aA', u'TypeName': u'\u623f\u5730\u4ea7', u'SysCode': u'DH00451', u'Date': u'2017-09-27', u'TypeZm': u'F'}
深振业A
SZ000006
行业板块
房地产
{u'Code': u'SH600733', u'PlateName': u'\u884c\u4e1a\u677f\u5757', u'Name': u'S*ST\u524d\u950b', u'TypeName': u'\u623f\u5730\u4ea7', u'SysCode': u'DH00451', u'Date': u'2017-09-27', u'TypeZm': u'F'}
S*ST前锋
SH600733
行业板块
房地产
{u'Code': u'SZ000838', u'PlateName': u'\u884c\u4e1a\u677f\u5757', u'Name': u'\u8d22\u4fe1\u53d1\u5c55', u'TypeName': u'\u623f\u5730\u4ea7', u'SysCode': u'DH00451', u'Date': u'2017-09-27', u'TypeZm': u'F'}
财信发展
SZ000838
行业板块
房地产
{u'Code': u'SZ000615', u'PlateName': u'\u884c\u4e1a\u677f\u5757', u'Name': u'\u4eac\u6c49\u80a1\u4efd', u'TypeName': u'\u623f\u5730\u4ea7', u'SysCode': u'DH00451', u'Date': u'2017-09-27', u'TypeZm': u'F'}
京汉股份
SZ000615
行业板块
房地产
{u'Code': u'SH600239', u'PlateName': u'\u884c\u4e1a\u677f\u5757', u'Name': u'\u4e91\u5357\u57ce\u6295', u'TypeName': u'\u623f\u5730\u4ea7', u'SysCode': u'DH00451', u'Date': u'2017-09-27', u'TypeZm': u'F'}
云南城投
SH600239
行业板块
房地产
{u'Code': u'SZ000638', u'PlateName': u'\u884c\u4e1a\u677f\u5757', u'Name': u'\u4e07\u65b9\u53d1\u5c55', u'TypeName': u'\u623f\u5730\u4ea7', u'SysCode': u'DH00451', u'Date': u'2017-09-27', u'TypeZm': u'F'}
万方发展
SZ000638
行业板块
房地产
{u'Code': u'SZ000979', u'PlateName': u'\u884c\u4e1a\u677f\u5757', u'Name': u'\u4e2d\u5f18\u80a1\u4efd', u'TypeName': u'\u623f\u5730\u4ea7', u'SysCode': u'DH00451', u'Date': u'2017-09-27', u'TypeZm': u'F'}
中弘股份
SZ000979
行业板块
房地产
{u'Code': u'SZ000029', u'PlateName': u'\u884c\u4e1a\u677f\u5757', u'Name': u'\u6df1\u6df1\u623fA', u'TypeName': u'\u623f\u5730\u4ea7', u'SysCode': u'DH00451', u'Date': u'2017-09-27', u'TypeZm': u'F'}
深深房A
SZ000029
行业板块
房地产
{u'Code': u'SZ000608', u'PlateName': u'\u884c\u4e1a\u677f\u5757', u'Name': u'\u9633\u5149\u80a1\u4efd', u'TypeName': u'\u623f\u5730\u4ea7', u'SysCode': u'DH00451', u'Date': u'2017-09-27', u'TypeZm': u'F'}
阳光股份
SZ000608
行业板块
房地产
{u'Code': u'SZ000031', u'PlateName': u'\u884c\u4e1a\u677f\u5757', u'Name': u'\u4e2d\u7cae\u5730\u4ea7', u'TypeName': u'\u623f\u5730\u4ea7', u'SysCode': u'DH00451', u'Date': u'2017-09-27', u'TypeZm': u'F'}
中粮地产
SZ000031
行业板块
房地产
{u'Code': u'SZ000540', u'PlateName': u'\u884c\u4e1a\u677f\u5757', u'Name': u'\u4e2d\u5929\u91d1\u878d', u'TypeName': u'\u623f\u5730\u4ea7', u'SysCode': u'DH00451', u'Date': u'2017-09-27', u'TypeZm': u'F'}
中天金融
SZ000540
行业板块
房地产
{u'Code': u'SZ200029', u'PlateName': u'\u884c\u4e1a\u677f\u5757', u'Name': u'\u6df1\u6df1\u623fB', u'TypeName': u'\u623f\u5730\u4ea7', u'SysCode': u'DH00451', u'Date': u'2017-09-27', u'TypeZm': u'F'}
深深房B
SZ200029
行业板块
房地产
{u'Code': u'SZ002113', u'PlateName': u'\u884c\u4e1a\u677f\u5757', u'Name': u'\u5929\u6da6\u6570\u5a31', u'TypeName': u'\u623f\u5730\u4ea7', u'SysCode': u'DH00451', u'Date': u'2017-09-27', u'TypeZm': u'F'}
天润数娱
SZ002113
行业板块
房地产
]]>	</system-out>
	<system-err>
<![CDATA[]]>	</system-err>
</testsuite>
