<?xml version="1.0" encoding="UTF-8"?>
<testsuite errors="1" failures="0" name="dongcai_block_test.block_section_dc_tests.BlockSectionDc-20170929132545" skipped="0" tests="1" time="0.157">
	<testcase classname="dongcai_block_test.block_section_dc_tests.BlockSectionDc" name="test_write_block_stock" time="0.157">
		<error message="global name 'block_read' is not defined" type="NameError">
<![CDATA[Traceback (most recent call last):
  File "/home/tangr/work/f10_project/f10_new_block/src/unittest/python/dongcai_block_test/block_section_dc_tests.py", line 25, in test_write_block_stock
    block_datas = block_read.block_view(self._block_data)
NameError: global name 'block_read' is not defined
]]>		</error>
	</testcase>
	<system-out>
<![CDATA[]]>	</system-out>
	<system-err>
<![CDATA[]]>	</system-err>
</testsuite>
